2019-06-07 07:51:33,359 INFO org.apache.hadoop.hdfs.server.namenode.SecondaryNameNode: STARTUP_MSG: 
/************************************************************
STARTUP_MSG: Starting SecondaryNameNode
STARTUP_MSG:   user = root
STARTUP_MSG:   host = master/172.17.0.2
STARTUP_MSG:   args = []
STARTUP_MSG:   version = 2.8.5
STARTUP_MSG:   classpath = /hadoop-2.8.5/etc/hadoop:/hadoop-2.8.5/share/hadoop/common/lib/jackson-xc-1.9.13.jar:/hadoop-2.8.5/share/hadoop/common/lib/api-asn1-api-1.0.0-M20.jar:/hadoop-2.8.5/share/hadoop/common/lib/hadoop-annotations-2.8.5.jar:/hadoop-2.8.5/share/hadoop/common/lib/httpclient-4.5.2.jar:/hadoop-2.8.5/share/hadoop/common/lib/commons-configuration-1.6.jar:/hadoop-2.8.5/share/hadoop/common/lib/jersey-json-1.9.jar:/hadoop-2.8.5/share/hadoop/common/lib/commons-digester-1.8.jar:/hadoop-2.8.5/share/hadoop/common/lib/commons-compress-1.4.1.jar:/hadoop-2.8.5/share/hadoop/common/lib/jcip-annotations-1.0-1.jar:/hadoop-2.8.5/share/hadoop/common/lib/java-xmlbuilder-0.4.jar:/hadoop-2.8.5/share/hadoop/common/lib/commons-collections-3.2.2.jar:/hadoop-2.8.5/share/hadoop/common/lib/log4j-1.2.17.jar:/hadoop-2.8.5/share/hadoop/common/lib/httpcore-4.4.4.jar:/hadoop-2.8.5/share/hadoop/common/lib/paranamer-2.3.jar:/hadoop-2.8.5/share/hadoop/common/lib/servlet-api-2.5.jar:/hadoop-2.8.5/share/hadoop/common/lib/gson-2.2.4.jar:/hadoop-2.8.5/share/hadoop/common/lib/jsp-api-2.1.jar:/hadoop-2.8.5/share/hadoop/common/lib/curator-framework-2.7.1.jar:/hadoop-2.8.5/share/hadoop/common/lib/commons-logging-1.1.3.jar:/hadoop-2.8.5/share/hadoop/common/lib/commons-cli-1.2.jar:/hadoop-2.8.5/share/hadoop/common/lib/jsch-0.1.54.jar:/hadoop-2.8.5/share/hadoop/common/lib/htrace-core4-4.0.1-incubating.jar:/hadoop-2.8.5/share/hadoop/common/lib/slf4j-log4j12-1.7.10.jar:/hadoop-2.8.5/share/hadoop/common/lib/stax-api-1.0-2.jar:/hadoop-2.8.5/share/hadoop/common/lib/jaxb-impl-2.2.3-1.jar:/hadoop-2.8.5/share/hadoop/common/lib/commons-beanutils-1.7.0.jar:/hadoop-2.8.5/share/hadoop/common/lib/protobuf-java-2.5.0.jar:/hadoop-2.8.5/share/hadoop/common/lib/api-util-1.0.0-M20.jar:/hadoop-2.8.5/share/hadoop/common/lib/commons-io-2.4.jar:/hadoop-2.8.5/share/hadoop/common/lib/asm-3.2.jar:/hadoop-2.8.5/share/hadoop/common/lib/junit-4.11.jar:/hadoop-2.8.5/share/hadoop/common/lib/guava-11.0.2.jar:/hadoop-2.8.5/share/hadoop/common/lib/activation-1.1.jar:/hadoop-2.8.5/share/hadoop/common/lib/avro-1.7.4.jar:/hadoop-2.8.5/share/hadoop/common/lib/jetty-6.1.26.jar:/hadoop-2.8.5/share/hadoop/common/lib/jackson-mapper-asl-1.9.13.jar:/hadoop-2.8.5/share/hadoop/common/lib/jetty-util-6.1.26.jar:/hadoop-2.8.5/share/hadoop/common/lib/mockito-all-1.8.5.jar:/hadoop-2.8.5/share/hadoop/common/lib/commons-net-3.1.jar:/hadoop-2.8.5/share/hadoop/common/lib/jettison-1.1.jar:/hadoop-2.8.5/share/hadoop/common/lib/commons-codec-1.4.jar:/hadoop-2.8.5/share/hadoop/common/lib/curator-client-2.7.1.jar:/hadoop-2.8.5/share/hadoop/common/lib/jets3t-0.9.0.jar:/hadoop-2.8.5/share/hadoop/common/lib/netty-3.6.2.Final.jar:/hadoop-2.8.5/share/hadoop/common/lib/curator-recipes-2.7.1.jar:/hadoop-2.8.5/share/hadoop/common/lib/nimbus-jose-jwt-4.41.1.jar:/hadoop-2.8.5/share/hadoop/common/lib/xmlenc-0.52.jar:/hadoop-2.8.5/share/hadoop/common/lib/slf4j-api-1.7.10.jar:/hadoop-2.8.5/share/hadoop/common/lib/jackson-jaxrs-1.9.13.jar:/hadoop-2.8.5/share/hadoop/common/lib/commons-math3-3.1.1.jar:/hadoop-2.8.5/share/hadoop/common/lib/apacheds-kerberos-codec-2.0.0-M15.jar:/hadoop-2.8.5/share/hadoop/common/lib/hamcrest-core-1.3.jar:/hadoop-2.8.5/share/hadoop/common/lib/jersey-core-1.9.jar:/hadoop-2.8.5/share/hadoop/common/lib/jackson-core-asl-1.9.13.jar:/hadoop-2.8.5/share/hadoop/common/lib/apacheds-i18n-2.0.0-M15.jar:/hadoop-2.8.5/share/hadoop/common/lib/zookeeper-3.4.6.jar:/hadoop-2.8.5/share/hadoop/common/lib/commons-lang-2.6.jar:/hadoop-2.8.5/share/hadoop/common/lib/jsr305-3.0.0.jar:/hadoop-2.8.5/share/hadoop/common/lib/jaxb-api-2.2.2.jar:/hadoop-2.8.5/share/hadoop/common/lib/jersey-server-1.9.jar:/hadoop-2.8.5/share/hadoop/common/lib/jetty-sslengine-6.1.26.jar:/hadoop-2.8.5/share/hadoop/common/lib/xz-1.0.jar:/hadoop-2.8.5/share/hadoop/common/lib/json-smart-1.3.1.jar:/hadoop-2.8.5/share/hadoop/common/lib/snappy-java-1.0.4.1.jar:/hadoop-2.8.5/share/hadoop/common/lib/hadoop-auth-2.8.5.jar:/hadoop-2.8.5/share/hadoop/common/lib/commons-beanutils-core-1.8.0.jar:/hadoop-2.8.5/share/hadoop/common/hadoop-nfs-2.8.5.jar:/hadoop-2.8.5/share/hadoop/common/hadoop-common-2.8.5-tests.jar:/hadoop-2.8.5/share/hadoop/common/hadoop-common-2.8.5.jar:/hadoop-2.8.5/share/hadoop/hdfs:/hadoop-2.8.5/share/hadoop/hdfs/lib/netty-all-4.0.23.Final.jar:/hadoop-2.8.5/share/hadoop/hdfs/lib/commons-daemon-1.0.13.jar:/hadoop-2.8.5/share/hadoop/hdfs/lib/log4j-1.2.17.jar:/hadoop-2.8.5/share/hadoop/hdfs/lib/servlet-api-2.5.jar:/hadoop-2.8.5/share/hadoop/hdfs/lib/commons-logging-1.1.3.jar:/hadoop-2.8.5/share/hadoop/hdfs/lib/commons-cli-1.2.jar:/hadoop-2.8.5/share/hadoop/hdfs/lib/htrace-core4-4.0.1-incubating.jar:/hadoop-2.8.5/share/hadoop/hdfs/lib/protobuf-java-2.5.0.jar:/hadoop-2.8.5/share/hadoop/hdfs/lib/hadoop-hdfs-client-2.8.5.jar:/hadoop-2.8.5/share/hadoop/hdfs/lib/commons-io-2.4.jar:/hadoop-2.8.5/share/hadoop/hdfs/lib/asm-3.2.jar:/hadoop-2.8.5/share/hadoop/hdfs/lib/guava-11.0.2.jar:/hadoop-2.8.5/share/hadoop/hdfs/lib/jetty-6.1.26.jar:/hadoop-2.8.5/share/hadoop/hdfs/lib/jackson-mapper-asl-1.9.13.jar:/hadoop-2.8.5/share/hadoop/hdfs/lib/jetty-util-6.1.26.jar:/hadoop-2.8.5/share/hadoop/hdfs/lib/xml-apis-1.3.04.jar:/hadoop-2.8.5/share/hadoop/hdfs/lib/commons-codec-1.4.jar:/hadoop-2.8.5/share/hadoop/hdfs/lib/xercesImpl-2.9.1.jar:/hadoop-2.8.5/share/hadoop/hdfs/lib/netty-3.6.2.Final.jar:/hadoop-2.8.5/share/hadoop/hdfs/lib/okio-1.4.0.jar:/hadoop-2.8.5/share/hadoop/hdfs/lib/xmlenc-0.52.jar:/hadoop-2.8.5/share/hadoop/hdfs/lib/jersey-core-1.9.jar:/hadoop-2.8.5/share/hadoop/hdfs/lib/okhttp-2.4.0.jar:/hadoop-2.8.5/share/hadoop/hdfs/lib/jackson-core-asl-1.9.13.jar:/hadoop-2.8.5/share/hadoop/hdfs/lib/commons-lang-2.6.jar:/hadoop-2.8.5/share/hadoop/hdfs/lib/jsr305-3.0.0.jar:/hadoop-2.8.5/share/hadoop/hdfs/lib/jersey-server-1.9.jar:/hadoop-2.8.5/share/hadoop/hdfs/lib/leveldbjni-all-1.8.jar:/hadoop-2.8.5/share/hadoop/hdfs/hadoop-hdfs-native-client-2.8.5-tests.jar:/hadoop-2.8.5/share/hadoop/hdfs/hadoop-hdfs-2.8.5.jar:/hadoop-2.8.5/share/hadoop/hdfs/hadoop-hdfs-2.8.5-tests.jar:/hadoop-2.8.5/share/hadoop/hdfs/hadoop-hdfs-nfs-2.8.5.jar:/hadoop-2.8.5/share/hadoop/hdfs/hadoop-hdfs-client-2.8.5.jar:/hadoop-2.8.5/share/hadoop/hdfs/hadoop-hdfs-native-client-2.8.5.jar:/hadoop-2.8.5/share/hadoop/hdfs/hadoop-hdfs-client-2.8.5-tests.jar:/hadoop-2.8.5/share/hadoop/yarn/lib/jackson-xc-1.9.13.jar:/hadoop-2.8.5/share/hadoop/yarn/lib/jersey-client-1.9.jar:/hadoop-2.8.5/share/hadoop/yarn/lib/jersey-json-1.9.jar:/hadoop-2.8.5/share/hadoop/yarn/lib/commons-compress-1.4.1.jar:/hadoop-2.8.5/share/hadoop/yarn/lib/commons-collections-3.2.2.jar:/hadoop-2.8.5/share/hadoop/yarn/lib/json-io-2.5.1.jar:/hadoop-2.8.5/share/hadoop/yarn/lib/log4j-1.2.17.jar:/hadoop-2.8.5/share/hadoop/yarn/lib/servlet-api-2.5.jar:/hadoop-2.8.5/share/hadoop/yarn/lib/commons-logging-1.1.3.jar:/hadoop-2.8.5/share/hadoop/yarn/lib/javassist-3.18.1-GA.jar:/hadoop-2.8.5/share/hadoop/yarn/lib/commons-cli-1.2.jar:/hadoop-2.8.5/share/hadoop/yarn/lib/commons-math-2.2.jar:/hadoop-2.8.5/share/hadoop/yarn/lib/stax-api-1.0-2.jar:/hadoop-2.8.5/share/hadoop/yarn/lib/jaxb-impl-2.2.3-1.jar:/hadoop-2.8.5/share/hadoop/yarn/lib/javax.inject-1.jar:/hadoop-2.8.5/share/hadoop/yarn/lib/protobuf-java-2.5.0.jar:/hadoop-2.8.5/share/hadoop/yarn/lib/jersey-guice-1.9.jar:/hadoop-2.8.5/share/hadoop/yarn/lib/commons-io-2.4.jar:/hadoop-2.8.5/share/hadoop/yarn/lib/asm-3.2.jar:/hadoop-2.8.5/share/hadoop/yarn/lib/guava-11.0.2.jar:/hadoop-2.8.5/share/hadoop/yarn/lib/activation-1.1.jar:/hadoop-2.8.5/share/hadoop/yarn/lib/jetty-6.1.26.jar:/hadoop-2.8.5/share/hadoop/yarn/lib/jackson-mapper-asl-1.9.13.jar:/hadoop-2.8.5/share/hadoop/yarn/lib/jetty-util-6.1.26.jar:/hadoop-2.8.5/share/hadoop/yarn/lib/jettison-1.1.jar:/hadoop-2.8.5/share/hadoop/yarn/lib/curator-test-2.7.1.jar:/hadoop-2.8.5/share/hadoop/yarn/lib/java-util-1.9.0.jar:/hadoop-2.8.5/share/hadoop/yarn/lib/commons-codec-1.4.jar:/hadoop-2.8.5/share/hadoop/yarn/lib/curator-client-2.7.1.jar:/hadoop-2.8.5/share/hadoop/yarn/lib/aopalliance-1.0.jar:/hadoop-2.8.5/share/hadoop/yarn/lib/zookeeper-3.4.6-tests.jar:/hadoop-2.8.5/share/hadoop/yarn/lib/netty-3.6.2.Final.jar:/hadoop-2.8.5/share/hadoop/yarn/lib/jackson-jaxrs-1.9.13.jar:/hadoop-2.8.5/share/hadoop/yarn/lib/guice-3.0.jar:/hadoop-2.8.5/share/hadoop/yarn/lib/jersey-core-1.9.jar:/hadoop-2.8.5/share/hadoop/yarn/lib/jackson-core-asl-1.9.13.jar:/hadoop-2.8.5/share/hadoop/yarn/lib/fst-2.50.jar:/hadoop-2.8.5/share/hadoop/yarn/lib/zookeeper-3.4.6.jar:/hadoop-2.8.5/share/hadoop/yarn/lib/guice-servlet-3.0.jar:/hadoop-2.8.5/share/hadoop/yarn/lib/commons-lang-2.6.jar:/hadoop-2.8.5/share/hadoop/yarn/lib/jsr305-3.0.0.jar:/hadoop-2.8.5/share/hadoop/yarn/lib/jaxb-api-2.2.2.jar:/hadoop-2.8.5/share/hadoop/yarn/lib/jersey-server-1.9.jar:/hadoop-2.8.5/share/hadoop/yarn/lib/leveldbjni-all-1.8.jar:/hadoop-2.8.5/share/hadoop/yarn/lib/xz-1.0.jar:/hadoop-2.8.5/share/hadoop/yarn/hadoop-yarn-common-2.8.5.jar:/hadoop-2.8.5/share/hadoop/yarn/hadoop-yarn-server-web-proxy-2.8.5.jar:/hadoop-2.8.5/share/hadoop/yarn/hadoop-yarn-api-2.8.5.jar:/hadoop-2.8.5/share/hadoop/yarn/hadoop-yarn-server-tests-2.8.5.jar:/hadoop-2.8.5/share/hadoop/yarn/hadoop-yarn-registry-2.8.5.jar:/hadoop-2.8.5/share/hadoop/yarn/hadoop-yarn-server-applicationhistoryservice-2.8.5.jar:/hadoop-2.8.5/share/hadoop/yarn/hadoop-yarn-server-common-2.8.5.jar:/hadoop-2.8.5/share/hadoop/yarn/hadoop-yarn-server-resourcemanager-2.8.5.jar:/hadoop-2.8.5/share/hadoop/yarn/hadoop-yarn-server-timeline-pluginstorage-2.8.5.jar:/hadoop-2.8.5/share/hadoop/yarn/hadoop-yarn-client-2.8.5.jar:/hadoop-2.8.5/share/hadoop/yarn/hadoop-yarn-server-sharedcachemanager-2.8.5.jar:/hadoop-2.8.5/share/hadoop/yarn/hadoop-yarn-applications-unmanaged-am-launcher-2.8.5.jar:/hadoop-2.8.5/share/hadoop/yarn/hadoop-yarn-server-nodemanager-2.8.5.jar:/hadoop-2.8.5/share/hadoop/yarn/hadoop-yarn-applications-distributedshell-2.8.5.jar:/hadoop-2.8.5/share/hadoop/mapreduce/lib/hadoop-annotations-2.8.5.jar:/hadoop-2.8.5/share/hadoop/mapreduce/lib/commons-compress-1.4.1.jar:/hadoop-2.8.5/share/hadoop/mapreduce/lib/log4j-1.2.17.jar:/hadoop-2.8.5/share/hadoop/mapreduce/lib/paranamer-2.3.jar:/hadoop-2.8.5/share/hadoop/mapreduce/lib/javax.inject-1.jar:/hadoop-2.8.5/share/hadoop/mapreduce/lib/protobuf-java-2.5.0.jar:/hadoop-2.8.5/share/hadoop/mapreduce/lib/jersey-guice-1.9.jar:/hadoop-2.8.5/share/hadoop/mapreduce/lib/commons-io-2.4.jar:/hadoop-2.8.5/share/hadoop/mapreduce/lib/asm-3.2.jar:/hadoop-2.8.5/share/hadoop/mapreduce/lib/junit-4.11.jar:/hadoop-2.8.5/share/hadoop/mapreduce/lib/avro-1.7.4.jar:/hadoop-2.8.5/share/hadoop/mapreduce/lib/jackson-mapper-asl-1.9.13.jar:/hadoop-2.8.5/share/hadoop/mapreduce/lib/aopalliance-1.0.jar:/hadoop-2.8.5/share/hadoop/mapreduce/lib/netty-3.6.2.Final.jar:/hadoop-2.8.5/share/hadoop/mapreduce/lib/hamcrest-core-1.3.jar:/hadoop-2.8.5/share/hadoop/mapreduce/lib/guice-3.0.jar:/hadoop-2.8.5/share/hadoop/mapreduce/lib/jersey-core-1.9.jar:/hadoop-2.8.5/share/hadoop/mapreduce/lib/jackson-core-asl-1.9.13.jar:/hadoop-2.8.5/share/hadoop/mapreduce/lib/guice-servlet-3.0.jar:/hadoop-2.8.5/share/hadoop/mapreduce/lib/jersey-server-1.9.jar:/hadoop-2.8.5/share/hadoop/mapreduce/lib/leveldbjni-all-1.8.jar:/hadoop-2.8.5/share/hadoop/mapreduce/lib/xz-1.0.jar:/hadoop-2.8.5/share/hadoop/mapreduce/lib/snappy-java-1.0.4.1.jar:/hadoop-2.8.5/share/hadoop/mapreduce/hadoop-mapreduce-client-jobclient-2.8.5.jar:/hadoop-2.8.5/share/hadoop/mapreduce/hadoop-mapreduce-client-hs-2.8.5.jar:/hadoop-2.8.5/share/hadoop/mapreduce/hadoop-mapreduce-client-common-2.8.5.jar:/hadoop-2.8.5/share/hadoop/mapreduce/hadoop-mapreduce-client-jobclient-2.8.5-tests.jar:/hadoop-2.8.5/share/hadoop/mapreduce/hadoop-mapreduce-client-hs-plugins-2.8.5.jar:/hadoop-2.8.5/share/hadoop/mapreduce/hadoop-mapreduce-examples-2.8.5.jar:/hadoop-2.8.5/share/hadoop/mapreduce/hadoop-mapreduce-client-core-2.8.5.jar:/hadoop-2.8.5/share/hadoop/mapreduce/hadoop-mapreduce-client-shuffle-2.8.5.jar:/hadoop-2.8.5/share/hadoop/mapreduce/hadoop-mapreduce-client-app-2.8.5.jar:/contrib/capacity-scheduler/*.jar:/contrib/capacity-scheduler/*.jar:/contrib/capacity-scheduler/*.jar
STARTUP_MSG:   build = https://git-wip-us.apache.org/repos/asf/hadoop.git -r 0b8464d75227fcee2c6e7f2410377b3d53d3d5f8; compiled by 'jdu' on 2018-09-10T03:32Z
STARTUP_MSG:   java = 1.8.0_191
************************************************************/
2019-06-07 07:51:33,359 INFO org.apache.hadoop.hdfs.server.namenode.SecondaryNameNode: STARTUP_MSG: 
/************************************************************
STARTUP_MSG: Starting SecondaryNameNode
STARTUP_MSG:   user = root
STARTUP_MSG:   host = master/172.17.0.2
STARTUP_MSG:   args = []
STARTUP_MSG:   version = 2.8.5
STARTUP_MSG:   classpath = /hadoop-2.8.5/etc/hadoop:/hadoop-2.8.5/share/hadoop/common/lib/jackson-xc-1.9.13.jar:/hadoop-2.8.5/share/hadoop/common/lib/api-asn1-api-1.0.0-M20.jar:/hadoop-2.8.5/share/hadoop/common/lib/hadoop-annotations-2.8.5.jar:/hadoop-2.8.5/share/hadoop/common/lib/httpclient-4.5.2.jar:/hadoop-2.8.5/share/hadoop/common/lib/commons-configuration-1.6.jar:/hadoop-2.8.5/share/hadoop/common/lib/jersey-json-1.9.jar:/hadoop-2.8.5/share/hadoop/common/lib/commons-digester-1.8.jar:/hadoop-2.8.5/share/hadoop/common/lib/commons-compress-1.4.1.jar:/hadoop-2.8.5/share/hadoop/common/lib/jcip-annotations-1.0-1.jar:/hadoop-2.8.5/share/hadoop/common/lib/java-xmlbuilder-0.4.jar:/hadoop-2.8.5/share/hadoop/common/lib/commons-collections-3.2.2.jar:/hadoop-2.8.5/share/hadoop/common/lib/log4j-1.2.17.jar:/hadoop-2.8.5/share/hadoop/common/lib/httpcore-4.4.4.jar:/hadoop-2.8.5/share/hadoop/common/lib/paranamer-2.3.jar:/hadoop-2.8.5/share/hadoop/common/lib/servlet-api-2.5.jar:/hadoop-2.8.5/share/hadoop/common/lib/gson-2.2.4.jar:/hadoop-2.8.5/share/hadoop/common/lib/jsp-api-2.1.jar:/hadoop-2.8.5/share/hadoop/common/lib/curator-framework-2.7.1.jar:/hadoop-2.8.5/share/hadoop/common/lib/commons-logging-1.1.3.jar:/hadoop-2.8.5/share/hadoop/common/lib/commons-cli-1.2.jar:/hadoop-2.8.5/share/hadoop/common/lib/jsch-0.1.54.jar:/hadoop-2.8.5/share/hadoop/common/lib/htrace-core4-4.0.1-incubating.jar:/hadoop-2.8.5/share/hadoop/common/lib/slf4j-log4j12-1.7.10.jar:/hadoop-2.8.5/share/hadoop/common/lib/stax-api-1.0-2.jar:/hadoop-2.8.5/share/hadoop/common/lib/jaxb-impl-2.2.3-1.jar:/hadoop-2.8.5/share/hadoop/common/lib/commons-beanutils-1.7.0.jar:/hadoop-2.8.5/share/hadoop/common/lib/protobuf-java-2.5.0.jar:/hadoop-2.8.5/share/hadoop/common/lib/api-util-1.0.0-M20.jar:/hadoop-2.8.5/share/hadoop/common/lib/commons-io-2.4.jar:/hadoop-2.8.5/share/hadoop/common/lib/asm-3.2.jar:/hadoop-2.8.5/share/hadoop/common/lib/junit-4.11.jar:/hadoop-2.8.5/share/hadoop/common/lib/guava-11.0.2.jar:/hadoop-2.8.5/share/hadoop/common/lib/activation-1.1.jar:/hadoop-2.8.5/share/hadoop/common/lib/avro-1.7.4.jar:/hadoop-2.8.5/share/hadoop/common/lib/jetty-6.1.26.jar:/hadoop-2.8.5/share/hadoop/common/lib/jackson-mapper-asl-1.9.13.jar:/hadoop-2.8.5/share/hadoop/common/lib/jetty-util-6.1.26.jar:/hadoop-2.8.5/share/hadoop/common/lib/mockito-all-1.8.5.jar:/hadoop-2.8.5/share/hadoop/common/lib/commons-net-3.1.jar:/hadoop-2.8.5/share/hadoop/common/lib/jettison-1.1.jar:/hadoop-2.8.5/share/hadoop/common/lib/commons-codec-1.4.jar:/hadoop-2.8.5/share/hadoop/common/lib/curator-client-2.7.1.jar:/hadoop-2.8.5/share/hadoop/common/lib/jets3t-0.9.0.jar:/hadoop-2.8.5/share/hadoop/common/lib/netty-3.6.2.Final.jar:/hadoop-2.8.5/share/hadoop/common/lib/curator-recipes-2.7.1.jar:/hadoop-2.8.5/share/hadoop/common/lib/nimbus-jose-jwt-4.41.1.jar:/hadoop-2.8.5/share/hadoop/common/lib/xmlenc-0.52.jar:/hadoop-2.8.5/share/hadoop/common/lib/slf4j-api-1.7.10.jar:/hadoop-2.8.5/share/hadoop/common/lib/jackson-jaxrs-1.9.13.jar:/hadoop-2.8.5/share/hadoop/common/lib/commons-math3-3.1.1.jar:/hadoop-2.8.5/share/hadoop/common/lib/apacheds-kerberos-codec-2.0.0-M15.jar:/hadoop-2.8.5/share/hadoop/common/lib/hamcrest-core-1.3.jar:/hadoop-2.8.5/share/hadoop/common/lib/jersey-core-1.9.jar:/hadoop-2.8.5/share/hadoop/common/lib/jackson-core-asl-1.9.13.jar:/hadoop-2.8.5/share/hadoop/common/lib/apacheds-i18n-2.0.0-M15.jar:/hadoop-2.8.5/share/hadoop/common/lib/zookeeper-3.4.6.jar:/hadoop-2.8.5/share/hadoop/common/lib/commons-lang-2.6.jar:/hadoop-2.8.5/share/hadoop/common/lib/jsr305-3.0.0.jar:/hadoop-2.8.5/share/hadoop/common/lib/jaxb-api-2.2.2.jar:/hadoop-2.8.5/share/hadoop/common/lib/jersey-server-1.9.jar:/hadoop-2.8.5/share/hadoop/common/lib/jetty-sslengine-6.1.26.jar:/hadoop-2.8.5/share/hadoop/common/lib/xz-1.0.jar:/hadoop-2.8.5/share/hadoop/common/lib/json-smart-1.3.1.jar:/hadoop-2.8.5/share/hadoop/common/lib/snappy-java-1.0.4.1.jar:/hadoop-2.8.5/share/hadoop/common/lib/hadoop-auth-2.8.5.jar:/hadoop-2.8.5/share/hadoop/common/lib/commons-beanutils-core-1.8.0.jar:/hadoop-2.8.5/share/hadoop/common/hadoop-nfs-2.8.5.jar:/hadoop-2.8.5/share/hadoop/common/hadoop-common-2.8.5-tests.jar:/hadoop-2.8.5/share/hadoop/common/hadoop-common-2.8.5.jar:/hadoop-2.8.5/share/hadoop/hdfs:/hadoop-2.8.5/share/hadoop/hdfs/lib/netty-all-4.0.23.Final.jar:/hadoop-2.8.5/share/hadoop/hdfs/lib/commons-daemon-1.0.13.jar:/hadoop-2.8.5/share/hadoop/hdfs/lib/log4j-1.2.17.jar:/hadoop-2.8.5/share/hadoop/hdfs/lib/servlet-api-2.5.jar:/hadoop-2.8.5/share/hadoop/hdfs/lib/commons-logging-1.1.3.jar:/hadoop-2.8.5/share/hadoop/hdfs/lib/commons-cli-1.2.jar:/hadoop-2.8.5/share/hadoop/hdfs/lib/htrace-core4-4.0.1-incubating.jar:/hadoop-2.8.5/share/hadoop/hdfs/lib/protobuf-java-2.5.0.jar:/hadoop-2.8.5/share/hadoop/hdfs/lib/hadoop-hdfs-client-2.8.5.jar:/hadoop-2.8.5/share/hadoop/hdfs/lib/commons-io-2.4.jar:/hadoop-2.8.5/share/hadoop/hdfs/lib/asm-3.2.jar:/hadoop-2.8.5/share/hadoop/hdfs/lib/guava-11.0.2.jar:/hadoop-2.8.5/share/hadoop/hdfs/lib/jetty-6.1.26.jar:/hadoop-2.8.5/share/hadoop/hdfs/lib/jackson-mapper-asl-1.9.13.jar:/hadoop-2.8.5/share/hadoop/hdfs/lib/jetty-util-6.1.26.jar:/hadoop-2.8.5/share/hadoop/hdfs/lib/xml-apis-1.3.04.jar:/hadoop-2.8.5/share/hadoop/hdfs/lib/commons-codec-1.4.jar:/hadoop-2.8.5/share/hadoop/hdfs/lib/xercesImpl-2.9.1.jar:/hadoop-2.8.5/share/hadoop/hdfs/lib/netty-3.6.2.Final.jar:/hadoop-2.8.5/share/hadoop/hdfs/lib/okio-1.4.0.jar:/hadoop-2.8.5/share/hadoop/hdfs/lib/xmlenc-0.52.jar:/hadoop-2.8.5/share/hadoop/hdfs/lib/jersey-core-1.9.jar:/hadoop-2.8.5/share/hadoop/hdfs/lib/okhttp-2.4.0.jar:/hadoop-2.8.5/share/hadoop/hdfs/lib/jackson-core-asl-1.9.13.jar:/hadoop-2.8.5/share/hadoop/hdfs/lib/commons-lang-2.6.jar:/hadoop-2.8.5/share/hadoop/hdfs/lib/jsr305-3.0.0.jar:/hadoop-2.8.5/share/hadoop/hdfs/lib/jersey-server-1.9.jar:/hadoop-2.8.5/share/hadoop/hdfs/lib/leveldbjni-all-1.8.jar:/hadoop-2.8.5/share/hadoop/hdfs/hadoop-hdfs-native-client-2.8.5-tests.jar:/hadoop-2.8.5/share/hadoop/hdfs/hadoop-hdfs-2.8.5.jar:/hadoop-2.8.5/share/hadoop/hdfs/hadoop-hdfs-2.8.5-tests.jar:/hadoop-2.8.5/share/hadoop/hdfs/hadoop-hdfs-nfs-2.8.5.jar:/hadoop-2.8.5/share/hadoop/hdfs/hadoop-hdfs-client-2.8.5.jar:/hadoop-2.8.5/share/hadoop/hdfs/hadoop-hdfs-native-client-2.8.5.jar:/hadoop-2.8.5/share/hadoop/hdfs/hadoop-hdfs-client-2.8.5-tests.jar:/hadoop-2.8.5/share/hadoop/yarn/lib/jackson-xc-1.9.13.jar:/hadoop-2.8.5/share/hadoop/yarn/lib/jersey-client-1.9.jar:/hadoop-2.8.5/share/hadoop/yarn/lib/jersey-json-1.9.jar:/hadoop-2.8.5/share/hadoop/yarn/lib/commons-compress-1.4.1.jar:/hadoop-2.8.5/share/hadoop/yarn/lib/commons-collections-3.2.2.jar:/hadoop-2.8.5/share/hadoop/yarn/lib/json-io-2.5.1.jar:/hadoop-2.8.5/share/hadoop/yarn/lib/log4j-1.2.17.jar:/hadoop-2.8.5/share/hadoop/yarn/lib/servlet-api-2.5.jar:/hadoop-2.8.5/share/hadoop/yarn/lib/commons-logging-1.1.3.jar:/hadoop-2.8.5/share/hadoop/yarn/lib/javassist-3.18.1-GA.jar:/hadoop-2.8.5/share/hadoop/yarn/lib/commons-cli-1.2.jar:/hadoop-2.8.5/share/hadoop/yarn/lib/commons-math-2.2.jar:/hadoop-2.8.5/share/hadoop/yarn/lib/stax-api-1.0-2.jar:/hadoop-2.8.5/share/hadoop/yarn/lib/jaxb-impl-2.2.3-1.jar:/hadoop-2.8.5/share/hadoop/yarn/lib/javax.inject-1.jar:/hadoop-2.8.5/share/hadoop/yarn/lib/protobuf-java-2.5.0.jar:/hadoop-2.8.5/share/hadoop/yarn/lib/jersey-guice-1.9.jar:/hadoop-2.8.5/share/hadoop/yarn/lib/commons-io-2.4.jar:/hadoop-2.8.5/share/hadoop/yarn/lib/asm-3.2.jar:/hadoop-2.8.5/share/hadoop/yarn/lib/guava-11.0.2.jar:/hadoop-2.8.5/share/hadoop/yarn/lib/activation-1.1.jar:/hadoop-2.8.5/share/hadoop/yarn/lib/jetty-6.1.26.jar:/hadoop-2.8.5/share/hadoop/yarn/lib/jackson-mapper-asl-1.9.13.jar:/hadoop-2.8.5/share/hadoop/yarn/lib/jetty-util-6.1.26.jar:/hadoop-2.8.5/share/hadoop/yarn/lib/jettison-1.1.jar:/hadoop-2.8.5/share/hadoop/yarn/lib/curator-test-2.7.1.jar:/hadoop-2.8.5/share/hadoop/yarn/lib/java-util-1.9.0.jar:/hadoop-2.8.5/share/hadoop/yarn/lib/commons-codec-1.4.jar:/hadoop-2.8.5/share/hadoop/yarn/lib/curator-client-2.7.1.jar:/hadoop-2.8.5/share/hadoop/yarn/lib/aopalliance-1.0.jar:/hadoop-2.8.5/share/hadoop/yarn/lib/zookeeper-3.4.6-tests.jar:/hadoop-2.8.5/share/hadoop/yarn/lib/netty-3.6.2.Final.jar:/hadoop-2.8.5/share/hadoop/yarn/lib/jackson-jaxrs-1.9.13.jar:/hadoop-2.8.5/share/hadoop/yarn/lib/guice-3.0.jar:/hadoop-2.8.5/share/hadoop/yarn/lib/jersey-core-1.9.jar:/hadoop-2.8.5/share/hadoop/yarn/lib/jackson-core-asl-1.9.13.jar:/hadoop-2.8.5/share/hadoop/yarn/lib/fst-2.50.jar:/hadoop-2.8.5/share/hadoop/yarn/lib/zookeeper-3.4.6.jar:/hadoop-2.8.5/share/hadoop/yarn/lib/guice-servlet-3.0.jar:/hadoop-2.8.5/share/hadoop/yarn/lib/commons-lang-2.6.jar:/hadoop-2.8.5/share/hadoop/yarn/lib/jsr305-3.0.0.jar:/hadoop-2.8.5/share/hadoop/yarn/lib/jaxb-api-2.2.2.jar:/hadoop-2.8.5/share/hadoop/yarn/lib/jersey-server-1.9.jar:/hadoop-2.8.5/share/hadoop/yarn/lib/leveldbjni-all-1.8.jar:/hadoop-2.8.5/share/hadoop/yarn/lib/xz-1.0.jar:/hadoop-2.8.5/share/hadoop/yarn/hadoop-yarn-common-2.8.5.jar:/hadoop-2.8.5/share/hadoop/yarn/hadoop-yarn-server-web-proxy-2.8.5.jar:/hadoop-2.8.5/share/hadoop/yarn/hadoop-yarn-api-2.8.5.jar:/hadoop-2.8.5/share/hadoop/yarn/hadoop-yarn-server-tests-2.8.5.jar:/hadoop-2.8.5/share/hadoop/yarn/hadoop-yarn-registry-2.8.5.jar:/hadoop-2.8.5/share/hadoop/yarn/hadoop-yarn-server-applicationhistoryservice-2.8.5.jar:/hadoop-2.8.5/share/hadoop/yarn/hadoop-yarn-server-common-2.8.5.jar:/hadoop-2.8.5/share/hadoop/yarn/hadoop-yarn-server-resourcemanager-2.8.5.jar:/hadoop-2.8.5/share/hadoop/yarn/hadoop-yarn-server-timeline-pluginstorage-2.8.5.jar:/hadoop-2.8.5/share/hadoop/yarn/hadoop-yarn-client-2.8.5.jar:/hadoop-2.8.5/share/hadoop/yarn/hadoop-yarn-server-sharedcachemanager-2.8.5.jar:/hadoop-2.8.5/share/hadoop/yarn/hadoop-yarn-applications-unmanaged-am-launcher-2.8.5.jar:/hadoop-2.8.5/share/hadoop/yarn/hadoop-yarn-server-nodemanager-2.8.5.jar:/hadoop-2.8.5/share/hadoop/yarn/hadoop-yarn-applications-distributedshell-2.8.5.jar:/hadoop-2.8.5/share/hadoop/mapreduce/lib/hadoop-annotations-2.8.5.jar:/hadoop-2.8.5/share/hadoop/mapreduce/lib/commons-compress-1.4.1.jar:/hadoop-2.8.5/share/hadoop/mapreduce/lib/log4j-1.2.17.jar:/hadoop-2.8.5/share/hadoop/mapreduce/lib/paranamer-2.3.jar:/hadoop-2.8.5/share/hadoop/mapreduce/lib/javax.inject-1.jar:/hadoop-2.8.5/share/hadoop/mapreduce/lib/protobuf-java-2.5.0.jar:/hadoop-2.8.5/share/hadoop/mapreduce/lib/jersey-guice-1.9.jar:/hadoop-2.8.5/share/hadoop/mapreduce/lib/commons-io-2.4.jar:/hadoop-2.8.5/share/hadoop/mapreduce/lib/asm-3.2.jar:/hadoop-2.8.5/share/hadoop/mapreduce/lib/junit-4.11.jar:/hadoop-2.8.5/share/hadoop/mapreduce/lib/avro-1.7.4.jar:/hadoop-2.8.5/share/hadoop/mapreduce/lib/jackson-mapper-asl-1.9.13.jar:/hadoop-2.8.5/share/hadoop/mapreduce/lib/aopalliance-1.0.jar:/hadoop-2.8.5/share/hadoop/mapreduce/lib/netty-3.6.2.Final.jar:/hadoop-2.8.5/share/hadoop/mapreduce/lib/hamcrest-core-1.3.jar:/hadoop-2.8.5/share/hadoop/mapreduce/lib/guice-3.0.jar:/hadoop-2.8.5/share/hadoop/mapreduce/lib/jersey-core-1.9.jar:/hadoop-2.8.5/share/hadoop/mapreduce/lib/jackson-core-asl-1.9.13.jar:/hadoop-2.8.5/share/hadoop/mapreduce/lib/guice-servlet-3.0.jar:/hadoop-2.8.5/share/hadoop/mapreduce/lib/jersey-server-1.9.jar:/hadoop-2.8.5/share/hadoop/mapreduce/lib/leveldbjni-all-1.8.jar:/hadoop-2.8.5/share/hadoop/mapreduce/lib/xz-1.0.jar:/hadoop-2.8.5/share/hadoop/mapreduce/lib/snappy-java-1.0.4.1.jar:/hadoop-2.8.5/share/hadoop/mapreduce/hadoop-mapreduce-client-jobclient-2.8.5.jar:/hadoop-2.8.5/share/hadoop/mapreduce/hadoop-mapreduce-client-hs-2.8.5.jar:/hadoop-2.8.5/share/hadoop/mapreduce/hadoop-mapreduce-client-common-2.8.5.jar:/hadoop-2.8.5/share/hadoop/mapreduce/hadoop-mapreduce-client-jobclient-2.8.5-tests.jar:/hadoop-2.8.5/share/hadoop/mapreduce/hadoop-mapreduce-client-hs-plugins-2.8.5.jar:/hadoop-2.8.5/share/hadoop/mapreduce/hadoop-mapreduce-examples-2.8.5.jar:/hadoop-2.8.5/share/hadoop/mapreduce/hadoop-mapreduce-client-core-2.8.5.jar:/hadoop-2.8.5/share/hadoop/mapreduce/hadoop-mapreduce-client-shuffle-2.8.5.jar:/hadoop-2.8.5/share/hadoop/mapreduce/hadoop-mapreduce-client-app-2.8.5.jar:/contrib/capacity-scheduler/*.jar:/contrib/capacity-scheduler/*.jar:/contrib/capacity-scheduler/*.jar
STARTUP_MSG:   build = https://git-wip-us.apache.org/repos/asf/hadoop.git -r 0b8464d75227fcee2c6e7f2410377b3d53d3d5f8; compiled by 'jdu' on 2018-09-10T03:32Z
STARTUP_MSG:   java = 1.8.0_191
************************************************************/
2019-06-07 07:51:33,366 INFO org.apache.hadoop.hdfs.server.namenode.SecondaryNameNode: registered UNIX signal handlers for [TERM, HUP, INT]
2019-06-07 07:51:33,366 INFO org.apache.hadoop.hdfs.server.namenode.SecondaryNameNode: registered UNIX signal handlers for [TERM, HUP, INT]
2019-06-07 07:51:33,874 INFO org.apache.hadoop.metrics2.impl.MetricsConfig: loaded properties from hadoop-metrics2.properties
2019-06-07 07:51:33,954 INFO org.apache.hadoop.metrics2.impl.MetricsSystemImpl: Scheduled Metric snapshot period at 10 second(s).
2019-06-07 07:51:33,954 INFO org.apache.hadoop.metrics2.impl.MetricsSystemImpl: SecondaryNameNode metrics system started
2019-06-07 07:51:34,080 DEBUG org.apache.hadoop.hdfs.server.namenode.SecondaryNameNode: Will connect to NameNode at http://master:50070
2019-06-07 07:51:34,080 DEBUG org.apache.hadoop.hdfs.server.namenode.SecondaryNameNode: Will connect to NameNode at http://master:50070
2019-06-07 07:51:34,126 INFO org.apache.hadoop.hdfs.server.namenode.FSEditLog: Edit logging is async:true
2019-06-07 07:51:34,126 INFO org.apache.hadoop.hdfs.server.namenode.FSEditLog: Edit logging is async:true
2019-06-07 07:51:34,158 INFO org.apache.hadoop.hdfs.server.common.Storage: Lock on /hadoop-2.8.5/tmp/dfs/namesecondary/in_use.lock acquired by nodename 433@master
2019-06-07 07:51:34,158 INFO org.apache.hadoop.hdfs.server.common.Storage: Lock on /hadoop-2.8.5/tmp/dfs/namesecondary/in_use.lock acquired by nodename 433@master
2019-06-07 07:51:34,171 INFO org.apache.hadoop.hdfs.server.namenode.FSNamesystem: KeyProvider: null
2019-06-07 07:51:34,171 INFO org.apache.hadoop.hdfs.server.namenode.FSNamesystem: KeyProvider: null
2019-06-07 07:51:34,172 INFO org.apache.hadoop.hdfs.server.namenode.FSNamesystem: fsLock is fair: true
2019-06-07 07:51:34,172 INFO org.apache.hadoop.hdfs.server.namenode.FSNamesystem: fsLock is fair: true
2019-06-07 07:51:34,174 INFO org.apache.hadoop.hdfs.server.namenode.FSNamesystem: Detailed lock hold time metrics enabled: false
2019-06-07 07:51:34,174 INFO org.apache.hadoop.hdfs.server.namenode.FSNamesystem: Detailed lock hold time metrics enabled: false
2019-06-07 07:51:34,187 DEBUG org.apache.hadoop.hdfs.util.LightWeightHashSet: initial capacity=16, max load factor= 0.75, min load factor= 0.2
2019-06-07 07:51:34,187 DEBUG org.apache.hadoop.hdfs.util.LightWeightHashSet: initial capacity=16, max load factor= 0.75, min load factor= 0.2
2019-06-07 07:51:34,188 DEBUG org.apache.hadoop.hdfs.util.LightWeightHashSet: initial capacity=16, max load factor= 0.75, min load factor= 0.2
2019-06-07 07:51:34,188 DEBUG org.apache.hadoop.hdfs.util.LightWeightHashSet: initial capacity=16, max load factor= 0.75, min load factor= 0.2
2019-06-07 07:51:34,188 DEBUG org.apache.hadoop.hdfs.util.LightWeightHashSet: initial capacity=16, max load factor= 0.75, min load factor= 0.2
2019-06-07 07:51:34,188 DEBUG org.apache.hadoop.hdfs.util.LightWeightHashSet: initial capacity=16, max load factor= 0.75, min load factor= 0.2
2019-06-07 07:51:34,188 DEBUG org.apache.hadoop.hdfs.util.LightWeightHashSet: initial capacity=16, max load factor= 0.75, min load factor= 0.2
2019-06-07 07:51:34,188 DEBUG org.apache.hadoop.hdfs.util.LightWeightHashSet: initial capacity=16, max load factor= 0.75, min load factor= 0.2
2019-06-07 07:51:34,188 DEBUG org.apache.hadoop.hdfs.util.LightWeightHashSet: initial capacity=16, max load factor= 0.75, min load factor= 0.2
2019-06-07 07:51:34,188 DEBUG org.apache.hadoop.hdfs.util.LightWeightHashSet: initial capacity=16, max load factor= 0.75, min load factor= 0.2
2019-06-07 07:51:34,211 INFO org.apache.hadoop.hdfs.server.blockmanagement.DatanodeManager: dfs.block.invalidate.limit=1000
2019-06-07 07:51:34,211 INFO org.apache.hadoop.hdfs.server.blockmanagement.DatanodeManager: dfs.block.invalidate.limit=1000
2019-06-07 07:51:34,211 INFO org.apache.hadoop.hdfs.server.blockmanagement.DatanodeManager: dfs.namenode.datanode.registration.ip-hostname-check=true
2019-06-07 07:51:34,211 INFO org.apache.hadoop.hdfs.server.blockmanagement.DatanodeManager: dfs.namenode.datanode.registration.ip-hostname-check=true
2019-06-07 07:51:34,213 INFO org.apache.hadoop.hdfs.server.blockmanagement.BlockManager: dfs.namenode.startup.delay.block.deletion.sec is set to 000:00:00:00.000
2019-06-07 07:51:34,213 INFO org.apache.hadoop.hdfs.server.blockmanagement.BlockManager: dfs.namenode.startup.delay.block.deletion.sec is set to 000:00:00:00.000
2019-06-07 07:51:34,214 INFO org.apache.hadoop.hdfs.server.blockmanagement.BlockManager: The block deletion will start around 2019 Jun 07 07:51:34
2019-06-07 07:51:34,214 INFO org.apache.hadoop.hdfs.server.blockmanagement.BlockManager: The block deletion will start around 2019 Jun 07 07:51:34
2019-06-07 07:51:34,215 INFO org.apache.hadoop.util.GSet: Computing capacity for map BlocksMap
2019-06-07 07:51:34,215 INFO org.apache.hadoop.util.GSet: VM type       = 64-bit
2019-06-07 07:51:34,216 INFO org.apache.hadoop.util.GSet: 2.0% max memory 889 MB = 17.8 MB
2019-06-07 07:51:34,216 INFO org.apache.hadoop.util.GSet: capacity      = 2^21 = 2097152 entries
2019-06-07 07:51:34,228 INFO org.apache.hadoop.hdfs.server.blockmanagement.BlockManager: dfs.block.access.token.enable=false
2019-06-07 07:51:34,228 INFO org.apache.hadoop.hdfs.server.blockmanagement.BlockManager: dfs.block.access.token.enable=false
2019-06-07 07:51:34,231 INFO org.apache.hadoop.hdfs.server.blockmanagement.BlockManager: defaultReplication         = 2
2019-06-07 07:51:34,231 INFO org.apache.hadoop.hdfs.server.blockmanagement.BlockManager: defaultReplication         = 2
2019-06-07 07:51:34,231 INFO org.apache.hadoop.hdfs.server.blockmanagement.BlockManager: maxReplication             = 512
2019-06-07 07:51:34,231 INFO org.apache.hadoop.hdfs.server.blockmanagement.BlockManager: maxReplication             = 512
2019-06-07 07:51:34,231 INFO org.apache.hadoop.hdfs.server.blockmanagement.BlockManager: minReplication             = 1
2019-06-07 07:51:34,231 INFO org.apache.hadoop.hdfs.server.blockmanagement.BlockManager: minReplication             = 1
2019-06-07 07:51:34,231 INFO org.apache.hadoop.hdfs.server.blockmanagement.BlockManager: maxReplicationStreams      = 2
2019-06-07 07:51:34,231 INFO org.apache.hadoop.hdfs.server.blockmanagement.BlockManager: maxReplicationStreams      = 2
2019-06-07 07:51:34,231 INFO org.apache.hadoop.hdfs.server.blockmanagement.BlockManager: replicationRecheckInterval = 3000
2019-06-07 07:51:34,231 INFO org.apache.hadoop.hdfs.server.blockmanagement.BlockManager: replicationRecheckInterval = 3000
2019-06-07 07:51:34,231 INFO org.apache.hadoop.hdfs.server.blockmanagement.BlockManager: encryptDataTransfer        = false
2019-06-07 07:51:34,231 INFO org.apache.hadoop.hdfs.server.blockmanagement.BlockManager: encryptDataTransfer        = false
2019-06-07 07:51:34,231 INFO org.apache.hadoop.hdfs.server.blockmanagement.BlockManager: maxNumBlocksToLog          = 1000
2019-06-07 07:51:34,231 INFO org.apache.hadoop.hdfs.server.blockmanagement.BlockManager: maxNumBlocksToLog          = 1000
2019-06-07 07:51:34,233 INFO org.apache.hadoop.hdfs.server.namenode.FSNamesystem: fsOwner             = root (auth:SIMPLE)
2019-06-07 07:51:34,233 INFO org.apache.hadoop.hdfs.server.namenode.FSNamesystem: fsOwner             = root (auth:SIMPLE)
2019-06-07 07:51:34,233 INFO org.apache.hadoop.hdfs.server.namenode.FSNamesystem: supergroup          = supergroup
2019-06-07 07:51:34,233 INFO org.apache.hadoop.hdfs.server.namenode.FSNamesystem: supergroup          = supergroup
2019-06-07 07:51:34,233 INFO org.apache.hadoop.hdfs.server.namenode.FSNamesystem: isPermissionEnabled = true
2019-06-07 07:51:34,233 INFO org.apache.hadoop.hdfs.server.namenode.FSNamesystem: isPermissionEnabled = true
2019-06-07 07:51:34,233 INFO org.apache.hadoop.hdfs.server.namenode.FSNamesystem: HA Enabled: false
2019-06-07 07:51:34,233 INFO org.apache.hadoop.hdfs.server.namenode.FSNamesystem: HA Enabled: false
2019-06-07 07:51:34,236 INFO org.apache.hadoop.hdfs.server.namenode.FSNamesystem: Append Enabled: true
2019-06-07 07:51:34,236 INFO org.apache.hadoop.hdfs.server.namenode.FSNamesystem: Append Enabled: true
2019-06-07 07:51:34,299 INFO org.apache.hadoop.util.GSet: Computing capacity for map INodeMap
2019-06-07 07:51:34,299 INFO org.apache.hadoop.util.GSet: VM type       = 64-bit
2019-06-07 07:51:34,299 INFO org.apache.hadoop.util.GSet: 1.0% max memory 889 MB = 8.9 MB
2019-06-07 07:51:34,299 INFO org.apache.hadoop.util.GSet: capacity      = 2^20 = 1048576 entries
2019-06-07 07:51:34,300 INFO org.apache.hadoop.hdfs.server.namenode.FSDirectory: ACLs enabled? false
2019-06-07 07:51:34,300 INFO org.apache.hadoop.hdfs.server.namenode.FSDirectory: ACLs enabled? false
2019-06-07 07:51:34,300 INFO org.apache.hadoop.hdfs.server.namenode.FSDirectory: XAttrs enabled? true
2019-06-07 07:51:34,300 INFO org.apache.hadoop.hdfs.server.namenode.FSDirectory: XAttrs enabled? true
2019-06-07 07:51:34,300 INFO org.apache.hadoop.hdfs.server.namenode.NameNode: Caching file names occurring more than 10 times
2019-06-07 07:51:34,300 INFO org.apache.hadoop.hdfs.server.namenode.NameNode: Caching file names occurring more than 10 times
2019-06-07 07:51:34,307 INFO org.apache.hadoop.util.GSet: Computing capacity for map cachedBlocks
2019-06-07 07:51:34,307 INFO org.apache.hadoop.util.GSet: VM type       = 64-bit
2019-06-07 07:51:34,308 INFO org.apache.hadoop.util.GSet: 0.25% max memory 889 MB = 2.2 MB
2019-06-07 07:51:34,308 INFO org.apache.hadoop.util.GSet: capacity      = 2^18 = 262144 entries
2019-06-07 07:51:34,309 INFO org.apache.hadoop.hdfs.server.namenode.FSNamesystem: dfs.namenode.safemode.threshold-pct = 0.9990000128746033
2019-06-07 07:51:34,309 INFO org.apache.hadoop.hdfs.server.namenode.FSNamesystem: dfs.namenode.safemode.threshold-pct = 0.9990000128746033
2019-06-07 07:51:34,309 INFO org.apache.hadoop.hdfs.server.namenode.FSNamesystem: dfs.namenode.safemode.min.datanodes = 0
2019-06-07 07:51:34,309 INFO org.apache.hadoop.hdfs.server.namenode.FSNamesystem: dfs.namenode.safemode.min.datanodes = 0
2019-06-07 07:51:34,309 INFO org.apache.hadoop.hdfs.server.namenode.FSNamesystem: dfs.namenode.safemode.extension     = 30000
2019-06-07 07:51:34,309 INFO org.apache.hadoop.hdfs.server.namenode.FSNamesystem: dfs.namenode.safemode.extension     = 30000
2019-06-07 07:51:34,314 INFO org.apache.hadoop.hdfs.server.namenode.top.metrics.TopMetrics: NNTop conf: dfs.namenode.top.window.num.buckets = 10
2019-06-07 07:51:34,314 INFO org.apache.hadoop.hdfs.server.namenode.top.metrics.TopMetrics: NNTop conf: dfs.namenode.top.window.num.buckets = 10
2019-06-07 07:51:34,314 INFO org.apache.hadoop.hdfs.server.namenode.top.metrics.TopMetrics: NNTop conf: dfs.namenode.top.num.users = 10
2019-06-07 07:51:34,314 INFO org.apache.hadoop.hdfs.server.namenode.top.metrics.TopMetrics: NNTop conf: dfs.namenode.top.num.users = 10
2019-06-07 07:51:34,316 INFO org.apache.hadoop.hdfs.server.namenode.top.metrics.TopMetrics: NNTop conf: dfs.namenode.top.windows.minutes = 1,5,25
2019-06-07 07:51:34,316 INFO org.apache.hadoop.hdfs.server.namenode.top.metrics.TopMetrics: NNTop conf: dfs.namenode.top.windows.minutes = 1,5,25
2019-06-07 07:51:34,320 DEBUG org.apache.hadoop.hdfs.server.namenode.top.window.RollingWindowManager: iterating in reported metrics, size=0 values=[]
2019-06-07 07:51:34,320 DEBUG org.apache.hadoop.hdfs.server.namenode.top.window.RollingWindowManager: iterating in reported metrics, size=0 values=[]
2019-06-07 07:51:34,320 DEBUG org.apache.hadoop.hdfs.server.namenode.top.window.RollingWindowManager: iterating in reported metrics, size=0 values=[]
2019-06-07 07:51:34,320 DEBUG org.apache.hadoop.hdfs.server.namenode.top.window.RollingWindowManager: iterating in reported metrics, size=0 values=[]
2019-06-07 07:51:34,320 DEBUG org.apache.hadoop.hdfs.server.namenode.top.window.RollingWindowManager: iterating in reported metrics, size=0 values=[]
2019-06-07 07:51:34,320 DEBUG org.apache.hadoop.hdfs.server.namenode.top.window.RollingWindowManager: iterating in reported metrics, size=0 values=[]
2019-06-07 07:51:34,331 INFO org.apache.hadoop.hdfs.server.namenode.SecondaryNameNode: Checkpoint Period   :3600 secs (60 min)
2019-06-07 07:51:34,331 INFO org.apache.hadoop.hdfs.server.namenode.SecondaryNameNode: Checkpoint Period   :3600 secs (60 min)
2019-06-07 07:51:34,331 INFO org.apache.hadoop.hdfs.server.namenode.SecondaryNameNode: Log Size Trigger    :1000000 txns
2019-06-07 07:51:34,331 INFO org.apache.hadoop.hdfs.server.namenode.SecondaryNameNode: Log Size Trigger    :1000000 txns
2019-06-07 07:51:34,367 INFO org.apache.hadoop.hdfs.DFSUtil: Starting Web-server for secondary at: http://0.0.0.0:50090
2019-06-07 07:51:34,367 INFO org.apache.hadoop.hdfs.DFSUtil: Starting Web-server for secondary at: http://0.0.0.0:50090
2019-06-07 07:51:34,420 INFO org.mortbay.log: Logging to org.slf4j.impl.Log4jLoggerAdapter(org.mortbay.log) via org.mortbay.log.Slf4jLog
2019-06-07 07:51:34,428 INFO org.apache.hadoop.security.authentication.server.AuthenticationFilter: Unable to initialize FileSignerSecretProvider, falling back to use random secrets.
2019-06-07 07:51:34,432 INFO org.apache.hadoop.http.HttpRequestLog: Http request log for http.requests.secondary is not defined
2019-06-07 07:51:34,438 INFO org.apache.hadoop.http.HttpServer2: Added global filter 'safety' (class=org.apache.hadoop.http.HttpServer2$QuotingInputFilter)
2019-06-07 07:51:34,440 INFO org.apache.hadoop.http.HttpServer2: Added filter static_user_filter (class=org.apache.hadoop.http.lib.StaticUserWebFilter$StaticUserFilter) to context secondary
2019-06-07 07:51:34,440 INFO org.apache.hadoop.http.HttpServer2: Added filter static_user_filter (class=org.apache.hadoop.http.lib.StaticUserWebFilter$StaticUserFilter) to context static
2019-06-07 07:51:34,441 INFO org.apache.hadoop.http.HttpServer2: Added filter static_user_filter (class=org.apache.hadoop.http.lib.StaticUserWebFilter$StaticUserFilter) to context logs
2019-06-07 07:51:34,455 INFO org.apache.hadoop.http.HttpServer2: Jetty bound to port 50090
2019-06-07 07:51:34,455 INFO org.mortbay.log: jetty-6.1.26
2019-06-07 07:51:34,547 INFO org.mortbay.log: Started HttpServer2$SelectChannelConnectorWithSafeStartup@0.0.0.0:50090
2019-06-07 07:51:34,547 INFO org.apache.hadoop.hdfs.server.namenode.SecondaryNameNode: Web server init done
2019-06-07 07:51:34,547 INFO org.apache.hadoop.hdfs.server.namenode.SecondaryNameNode: Web server init done
2019-06-07 07:52:37,171 INFO org.apache.hadoop.hdfs.server.namenode.SecondaryNameNode: Image has changed. Downloading updated image from NN.
2019-06-07 07:52:37,171 INFO org.apache.hadoop.hdfs.server.namenode.SecondaryNameNode: Image has changed. Downloading updated image from NN.
2019-06-07 07:52:37,466 INFO org.apache.hadoop.hdfs.server.namenode.TransferFsImage: Opening connection to http://master:50070/imagetransfer?getimage=1&txid=0&storageInfo=-63:1521241413:1559893881999:CID-abfa48be-e8d5-4677-bc80-d2d9b1b753b9&bootstrapstandby=false
2019-06-07 07:52:37,466 INFO org.apache.hadoop.hdfs.server.namenode.TransferFsImage: Opening connection to http://master:50070/imagetransfer?getimage=1&txid=0&storageInfo=-63:1521241413:1559893881999:CID-abfa48be-e8d5-4677-bc80-d2d9b1b753b9&bootstrapstandby=false
2019-06-07 07:52:37,466 DEBUG org.apache.hadoop.hdfs.web.URLConnectionFactory: open URL connection
2019-06-07 07:52:37,466 DEBUG org.apache.hadoop.hdfs.web.URLConnectionFactory: open URL connection
2019-06-07 07:52:37,567 INFO org.apache.hadoop.hdfs.server.namenode.TransferFsImage: Image Transfer timeout configured to 60000 milliseconds
2019-06-07 07:52:37,567 INFO org.apache.hadoop.hdfs.server.namenode.TransferFsImage: Image Transfer timeout configured to 60000 milliseconds
2019-06-07 07:52:37,911 INFO org.apache.hadoop.hdfs.server.namenode.TransferFsImage: Transfer took 0.04s at 0.00 KB/s
2019-06-07 07:52:37,911 INFO org.apache.hadoop.hdfs.server.namenode.TransferFsImage: Transfer took 0.04s at 0.00 KB/s
2019-06-07 07:52:37,912 INFO org.apache.hadoop.hdfs.server.namenode.TransferFsImage: Downloaded file fsimage.ckpt_0000000000000000000 size 321 bytes.
2019-06-07 07:52:37,912 INFO org.apache.hadoop.hdfs.server.namenode.TransferFsImage: Downloaded file fsimage.ckpt_0000000000000000000 size 321 bytes.
2019-06-07 07:52:37,942 DEBUG org.apache.hadoop.hdfs.util.MD5FileUtils: Saved MD5 6efe281f600efd55be8fe082d146fdd2 to /hadoop-2.8.5/tmp/dfs/namesecondary/current/fsimage_0000000000000000000.md5
2019-06-07 07:52:37,942 DEBUG org.apache.hadoop.hdfs.util.MD5FileUtils: Saved MD5 6efe281f600efd55be8fe082d146fdd2 to /hadoop-2.8.5/tmp/dfs/namesecondary/current/fsimage_0000000000000000000.md5
2019-06-07 07:52:37,942 DEBUG org.apache.hadoop.hdfs.server.namenode.FSImage: renaming  /hadoop-2.8.5/tmp/dfs/namesecondary/current/fsimage.ckpt_0000000000000000000 to /hadoop-2.8.5/tmp/dfs/namesecondary/current/fsimage_0000000000000000000
2019-06-07 07:52:37,942 DEBUG org.apache.hadoop.hdfs.server.namenode.FSImage: renaming  /hadoop-2.8.5/tmp/dfs/namesecondary/current/fsimage.ckpt_0000000000000000000 to /hadoop-2.8.5/tmp/dfs/namesecondary/current/fsimage_0000000000000000000
2019-06-07 07:52:37,945 DEBUG org.apache.hadoop.hdfs.server.namenode.TransferFsImage: Dest file: /hadoop-2.8.5/tmp/dfs/namesecondary/current/edits_0000000000000000001-0000000000000000026
2019-06-07 07:52:37,945 DEBUG org.apache.hadoop.hdfs.server.namenode.TransferFsImage: Dest file: /hadoop-2.8.5/tmp/dfs/namesecondary/current/edits_0000000000000000001-0000000000000000026
2019-06-07 07:52:37,946 INFO org.apache.hadoop.hdfs.server.namenode.TransferFsImage: Opening connection to http://master:50070/imagetransfer?getedit=1&startTxId=1&endTxId=26&storageInfo=-63:1521241413:1559893881999:CID-abfa48be-e8d5-4677-bc80-d2d9b1b753b9
2019-06-07 07:52:37,946 INFO org.apache.hadoop.hdfs.server.namenode.TransferFsImage: Opening connection to http://master:50070/imagetransfer?getedit=1&startTxId=1&endTxId=26&storageInfo=-63:1521241413:1559893881999:CID-abfa48be-e8d5-4677-bc80-d2d9b1b753b9
2019-06-07 07:52:37,947 DEBUG org.apache.hadoop.hdfs.web.URLConnectionFactory: open URL connection
2019-06-07 07:52:37,947 DEBUG org.apache.hadoop.hdfs.web.URLConnectionFactory: open URL connection
2019-06-07 07:52:37,967 INFO org.apache.hadoop.hdfs.server.namenode.TransferFsImage: Transfer took 0.01s at 153.85 KB/s
2019-06-07 07:52:37,967 INFO org.apache.hadoop.hdfs.server.namenode.TransferFsImage: Transfer took 0.01s at 153.85 KB/s
2019-06-07 07:52:37,967 INFO org.apache.hadoop.hdfs.server.namenode.TransferFsImage: Downloaded file edits_tmp_0000000000000000001-0000000000000000026_0000000001003747954 size 0 bytes.
2019-06-07 07:52:37,967 INFO org.apache.hadoop.hdfs.server.namenode.TransferFsImage: Downloaded file edits_tmp_0000000000000000001-0000000000000000026_0000000001003747954 size 0 bytes.
2019-06-07 07:52:37,968 DEBUG org.apache.hadoop.hdfs.server.namenode.TransferFsImage: Renaming /hadoop-2.8.5/tmp/dfs/namesecondary/current/edits_tmp_0000000000000000001-0000000000000000026_0000000001003747954 to /hadoop-2.8.5/tmp/dfs/namesecondary/current/edits_0000000000000000001-0000000000000000026
2019-06-07 07:52:37,968 DEBUG org.apache.hadoop.hdfs.server.namenode.TransferFsImage: Renaming /hadoop-2.8.5/tmp/dfs/namesecondary/current/edits_tmp_0000000000000000001-0000000000000000026_0000000001003747954 to /hadoop-2.8.5/tmp/dfs/namesecondary/current/edits_0000000000000000001-0000000000000000026
2019-06-07 07:52:37,999 DEBUG org.apache.hadoop.hdfs.server.namenode.FSImage: Reloading namespace from /hadoop-2.8.5/tmp/dfs/namesecondary/current/fsimage_0000000000000000000
2019-06-07 07:52:37,999 DEBUG org.apache.hadoop.hdfs.server.namenode.FSImage: Reloading namespace from /hadoop-2.8.5/tmp/dfs/namesecondary/current/fsimage_0000000000000000000
2019-06-07 07:52:38,022 INFO org.apache.hadoop.hdfs.server.namenode.FSImageFormatPBINode: Loading 1 INodes.
2019-06-07 07:52:38,022 INFO org.apache.hadoop.hdfs.server.namenode.FSImageFormatPBINode: Loading 1 INodes.
2019-06-07 07:52:38,048 INFO org.apache.hadoop.hdfs.server.namenode.FSImageFormatProtobuf: Loaded FSImage in 0 seconds.
2019-06-07 07:52:38,048 INFO org.apache.hadoop.hdfs.server.namenode.FSImageFormatProtobuf: Loaded FSImage in 0 seconds.
2019-06-07 07:52:38,049 INFO org.apache.hadoop.hdfs.server.namenode.FSImage: Loaded image for txid 0 from /hadoop-2.8.5/tmp/dfs/namesecondary/current/fsimage_0000000000000000000
2019-06-07 07:52:38,049 INFO org.apache.hadoop.hdfs.server.namenode.FSImage: Loaded image for txid 0 from /hadoop-2.8.5/tmp/dfs/namesecondary/current/fsimage_0000000000000000000
2019-06-07 07:52:38,049 INFO org.apache.hadoop.hdfs.server.namenode.NameCache: initialized with 0 entries 0 lookups
2019-06-07 07:52:38,049 INFO org.apache.hadoop.hdfs.server.namenode.NameCache: initialized with 0 entries 0 lookups
2019-06-07 07:52:38,055 INFO org.apache.hadoop.hdfs.server.namenode.Checkpointer: Checkpointer about to load edits from 1 stream(s).
2019-06-07 07:52:38,055 INFO org.apache.hadoop.hdfs.server.namenode.Checkpointer: Checkpointer about to load edits from 1 stream(s).
2019-06-07 07:52:38,055 DEBUG org.apache.hadoop.hdfs.server.namenode.FSImage: About to load edits:
  /hadoop-2.8.5/tmp/dfs/namesecondary/current/edits_0000000000000000001-0000000000000000026
2019-06-07 07:52:38,055 DEBUG org.apache.hadoop.hdfs.server.namenode.FSImage: About to load edits:
  /hadoop-2.8.5/tmp/dfs/namesecondary/current/edits_0000000000000000001-0000000000000000026
2019-06-07 07:52:38,061 INFO org.apache.hadoop.hdfs.server.namenode.FSImage: Reading /hadoop-2.8.5/tmp/dfs/namesecondary/current/edits_0000000000000000001-0000000000000000026 expecting start txid #1
2019-06-07 07:52:38,061 INFO org.apache.hadoop.hdfs.server.namenode.FSImage: Reading /hadoop-2.8.5/tmp/dfs/namesecondary/current/edits_0000000000000000001-0000000000000000026 expecting start txid #1
2019-06-07 07:52:38,062 INFO org.apache.hadoop.hdfs.server.namenode.FSImage: Start loading edits file /hadoop-2.8.5/tmp/dfs/namesecondary/current/edits_0000000000000000001-0000000000000000026
2019-06-07 07:52:38,062 INFO org.apache.hadoop.hdfs.server.namenode.FSImage: Start loading edits file /hadoop-2.8.5/tmp/dfs/namesecondary/current/edits_0000000000000000001-0000000000000000026
2019-06-07 07:52:38,139 DEBUG org.apache.hadoop.hdfs.server.namenode.FSNamesystem: OP_ADD: /user/root/.sparkStaging/application_1559893901343_0001/__spark_libs__8256157528290588652.zip numblocks : 0 clientHolder DFSClient_NONMAPREDUCE_2140452239_1 clientMachine 172.17.0.2
2019-06-07 07:52:38,139 DEBUG org.apache.hadoop.hdfs.server.namenode.FSNamesystem: OP_ADD: /user/root/.sparkStaging/application_1559893901343_0001/__spark_libs__8256157528290588652.zip numblocks : 0 clientHolder DFSClient_NONMAPREDUCE_2140452239_1 clientMachine 172.17.0.2
2019-06-07 07:52:38,150 DEBUG org.apache.hadoop.hdfs.server.namenode.FSNamesystem: OP_ADD_BLOCK: /user/root/.sparkStaging/application_1559893901343_0001/__spark_libs__8256157528290588652.zip new block id : 1073741825
2019-06-07 07:52:38,150 DEBUG org.apache.hadoop.hdfs.server.namenode.FSNamesystem: OP_ADD_BLOCK: /user/root/.sparkStaging/application_1559893901343_0001/__spark_libs__8256157528290588652.zip new block id : 1073741825
2019-06-07 07:52:38,153 DEBUG org.apache.hadoop.hdfs.server.namenode.FSNamesystem: OP_ADD_BLOCK: /user/root/.sparkStaging/application_1559893901343_0001/__spark_libs__8256157528290588652.zip new block id : 1073741826
2019-06-07 07:52:38,153 DEBUG org.apache.hadoop.hdfs.server.namenode.FSNamesystem: OP_ADD_BLOCK: /user/root/.sparkStaging/application_1559893901343_0001/__spark_libs__8256157528290588652.zip new block id : 1073741826
2019-06-07 07:52:38,155 DEBUG org.apache.hadoop.hdfs.server.namenode.FSNamesystem: OP_CLOSE: /user/root/.sparkStaging/application_1559893901343_0001/__spark_libs__8256157528290588652.zip numblocks : 2 clientHolder  clientMachine 
2019-06-07 07:52:38,155 DEBUG org.apache.hadoop.hdfs.server.namenode.FSNamesystem: OP_CLOSE: /user/root/.sparkStaging/application_1559893901343_0001/__spark_libs__8256157528290588652.zip numblocks : 2 clientHolder  clientMachine 
2019-06-07 07:52:38,156 INFO org.apache.hadoop.hdfs.server.namenode.FSDirectory: Increasing replication from 2 to 2 for /user/root/.sparkStaging/application_1559893901343_0001/__spark_libs__8256157528290588652.zip
2019-06-07 07:52:38,156 INFO org.apache.hadoop.hdfs.server.namenode.FSDirectory: Increasing replication from 2 to 2 for /user/root/.sparkStaging/application_1559893901343_0001/__spark_libs__8256157528290588652.zip
2019-06-07 07:52:38,157 DEBUG org.apache.hadoop.hdfs.server.namenode.FSNamesystem: OP_ADD: /user/root/.sparkStaging/application_1559893901343_0001/__spark_conf__.zip numblocks : 0 clientHolder DFSClient_NONMAPREDUCE_2140452239_1 clientMachine 172.17.0.2
2019-06-07 07:52:38,157 DEBUG org.apache.hadoop.hdfs.server.namenode.FSNamesystem: OP_ADD: /user/root/.sparkStaging/application_1559893901343_0001/__spark_conf__.zip numblocks : 0 clientHolder DFSClient_NONMAPREDUCE_2140452239_1 clientMachine 172.17.0.2
2019-06-07 07:52:38,157 DEBUG org.apache.hadoop.hdfs.server.namenode.FSNamesystem: OP_ADD_BLOCK: /user/root/.sparkStaging/application_1559893901343_0001/__spark_conf__.zip new block id : 1073741827
2019-06-07 07:52:38,157 DEBUG org.apache.hadoop.hdfs.server.namenode.FSNamesystem: OP_ADD_BLOCK: /user/root/.sparkStaging/application_1559893901343_0001/__spark_conf__.zip new block id : 1073741827
2019-06-07 07:52:38,158 DEBUG org.apache.hadoop.hdfs.server.namenode.FSNamesystem: OP_CLOSE: /user/root/.sparkStaging/application_1559893901343_0001/__spark_conf__.zip numblocks : 1 clientHolder  clientMachine 
2019-06-07 07:52:38,158 DEBUG org.apache.hadoop.hdfs.server.namenode.FSNamesystem: OP_CLOSE: /user/root/.sparkStaging/application_1559893901343_0001/__spark_conf__.zip numblocks : 1 clientHolder  clientMachine 
2019-06-07 07:52:38,158 INFO org.apache.hadoop.hdfs.server.namenode.FSDirectory: Increasing replication from 2 to 2 for /user/root/.sparkStaging/application_1559893901343_0001/__spark_conf__.zip
2019-06-07 07:52:38,158 INFO org.apache.hadoop.hdfs.server.namenode.FSDirectory: Increasing replication from 2 to 2 for /user/root/.sparkStaging/application_1559893901343_0001/__spark_conf__.zip
2019-06-07 07:52:38,163 DEBUG org.apache.hadoop.hdfs.StateChange: DIR* FSDirectory.unprotectedDelete: /user/root/.sparkStaging/application_1559893901343_0001 is removed
2019-06-07 07:52:38,163 DEBUG org.apache.hadoop.hdfs.StateChange: DIR* FSDirectory.unprotectedDelete: /user/root/.sparkStaging/application_1559893901343_0001 is removed
2019-06-07 07:52:38,169 DEBUG org.apache.hadoop.hdfs.server.namenode.FSImage: Summary of operations loaded from edit log:
  OP_ADD=2
  OP_DELETE=1
  OP_MKDIR=5
  OP_SET_REPLICATION=2
  OP_SET_PERMISSIONS=3
  OP_CLOSE=2
  OP_END_LOG_SEGMENT=1
  OP_START_LOG_SEGMENT=1
  OP_SET_GENSTAMP_V2=3
  OP_ALLOCATE_BLOCK_ID=3
  OP_ADD_BLOCK=3
2019-06-07 07:52:38,169 DEBUG org.apache.hadoop.hdfs.server.namenode.FSImage: Summary of operations loaded from edit log:
  OP_ADD=2
  OP_DELETE=1
  OP_MKDIR=5
  OP_SET_REPLICATION=2
  OP_SET_PERMISSIONS=3
  OP_CLOSE=2
  OP_END_LOG_SEGMENT=1
  OP_START_LOG_SEGMENT=1
  OP_SET_GENSTAMP_V2=3
  OP_ALLOCATE_BLOCK_ID=3
  OP_ADD_BLOCK=3
2019-06-07 07:52:38,169 INFO org.apache.hadoop.hdfs.server.namenode.FSImage: Edits file /hadoop-2.8.5/tmp/dfs/namesecondary/current/edits_0000000000000000001-0000000000000000026 of size 2473 edits # 26 loaded in 0 seconds
2019-06-07 07:52:38,169 INFO org.apache.hadoop.hdfs.server.namenode.FSImage: Edits file /hadoop-2.8.5/tmp/dfs/namesecondary/current/edits_0000000000000000001-0000000000000000026 of size 2473 edits # 26 loaded in 0 seconds
2019-06-07 07:52:38,174 INFO org.apache.hadoop.hdfs.server.namenode.FSImageFormatProtobuf: Saving image file /hadoop-2.8.5/tmp/dfs/namesecondary/current/fsimage.ckpt_0000000000000000026 using no compression
2019-06-07 07:52:38,174 INFO org.apache.hadoop.hdfs.server.namenode.FSImageFormatProtobuf: Saving image file /hadoop-2.8.5/tmp/dfs/namesecondary/current/fsimage.ckpt_0000000000000000026 using no compression
2019-06-07 07:52:38,223 INFO org.apache.hadoop.hdfs.server.namenode.FSImageFormatProtobuf: Image file /hadoop-2.8.5/tmp/dfs/namesecondary/current/fsimage.ckpt_0000000000000000026 of size 588 bytes saved in 0 seconds.
2019-06-07 07:52:38,223 INFO org.apache.hadoop.hdfs.server.namenode.FSImageFormatProtobuf: Image file /hadoop-2.8.5/tmp/dfs/namesecondary/current/fsimage.ckpt_0000000000000000026 of size 588 bytes saved in 0 seconds.
2019-06-07 07:52:38,890 DEBUG org.apache.hadoop.hdfs.util.MD5FileUtils: Saved MD5 8320310971d3e9a2440f26b95ecc5069 to /hadoop-2.8.5/tmp/dfs/namesecondary/current/fsimage_0000000000000000026.md5
2019-06-07 07:52:38,890 DEBUG org.apache.hadoop.hdfs.util.MD5FileUtils: Saved MD5 8320310971d3e9a2440f26b95ecc5069 to /hadoop-2.8.5/tmp/dfs/namesecondary/current/fsimage_0000000000000000026.md5
2019-06-07 07:52:38,892 DEBUG org.apache.hadoop.hdfs.server.namenode.FSImage: renaming  /hadoop-2.8.5/tmp/dfs/namesecondary/current/fsimage.ckpt_0000000000000000026 to /hadoop-2.8.5/tmp/dfs/namesecondary/current/fsimage_0000000000000000026
2019-06-07 07:52:38,892 DEBUG org.apache.hadoop.hdfs.server.namenode.FSImage: renaming  /hadoop-2.8.5/tmp/dfs/namesecondary/current/fsimage.ckpt_0000000000000000026 to /hadoop-2.8.5/tmp/dfs/namesecondary/current/fsimage_0000000000000000026
2019-06-07 07:52:38,893 INFO org.apache.hadoop.hdfs.server.namenode.FSImageTransactionalStorageInspector: No version file in /hadoop-2.8.5/tmp/dfs/namesecondary
2019-06-07 07:52:38,893 INFO org.apache.hadoop.hdfs.server.namenode.FSImageTransactionalStorageInspector: No version file in /hadoop-2.8.5/tmp/dfs/namesecondary
2019-06-07 07:52:38,904 DEBUG org.apache.hadoop.hdfs.server.namenode.FileJournalManager: selecting edit log stream EditLogFile(file=/hadoop-2.8.5/tmp/dfs/namesecondary/current/edits_0000000000000000001-0000000000000000026,first=0000000000000000001,last=0000000000000000026,inProgress=false,hasCorruptHeader=false)
2019-06-07 07:52:38,904 DEBUG org.apache.hadoop.hdfs.server.namenode.FileJournalManager: selecting edit log stream EditLogFile(file=/hadoop-2.8.5/tmp/dfs/namesecondary/current/edits_0000000000000000001-0000000000000000026,first=0000000000000000001,last=0000000000000000026,inProgress=false,hasCorruptHeader=false)
2019-06-07 07:52:38,906 INFO org.apache.hadoop.hdfs.server.namenode.FSImageTransactionalStorageInspector: No version file in /hadoop-2.8.5/tmp/dfs/namesecondary
2019-06-07 07:52:38,906 INFO org.apache.hadoop.hdfs.server.namenode.FSImageTransactionalStorageInspector: No version file in /hadoop-2.8.5/tmp/dfs/namesecondary
2019-06-07 07:52:43,786 DEBUG org.apache.hadoop.hdfs.web.URLConnectionFactory: open URL connection
2019-06-07 07:52:43,786 DEBUG org.apache.hadoop.hdfs.web.URLConnectionFactory: open URL connection
2019-06-07 07:52:43,915 INFO org.apache.hadoop.hdfs.server.namenode.TransferFsImage: Uploaded image with txid 26 to namenode at http://master:50070 in 0.138 seconds
2019-06-07 07:52:43,915 INFO org.apache.hadoop.hdfs.server.namenode.TransferFsImage: Uploaded image with txid 26 to namenode at http://master:50070 in 0.138 seconds
2019-06-07 07:52:43,916 WARN org.apache.hadoop.hdfs.server.namenode.SecondaryNameNode: Checkpoint done. New Image Size: 588
2019-06-07 07:52:43,916 WARN org.apache.hadoop.hdfs.server.namenode.SecondaryNameNode: Checkpoint done. New Image Size: 588
