2019-06-07 07:42:49,017 INFO org.apache.hadoop.hdfs.server.namenode.NameNode: STARTUP_MSG: 
/************************************************************
STARTUP_MSG: Starting NameNode
STARTUP_MSG:   user = root
STARTUP_MSG:   host = master/172.17.0.2
STARTUP_MSG:   args = [-format]
STARTUP_MSG:   version = 2.8.5
STARTUP_MSG:   classpath = /hadoop-2.8.5/etc/hadoop:/hadoop-2.8.5/share/hadoop/common/lib/jackson-xc-1.9.13.jar:/hadoop-2.8.5/share/hadoop/common/lib/api-asn1-api-1.0.0-M20.jar:/hadoop-2.8.5/share/hadoop/common/lib/hadoop-annotations-2.8.5.jar:/hadoop-2.8.5/share/hadoop/common/lib/httpclient-4.5.2.jar:/hadoop-2.8.5/share/hadoop/common/lib/commons-configuration-1.6.jar:/hadoop-2.8.5/share/hadoop/common/lib/jersey-json-1.9.jar:/hadoop-2.8.5/share/hadoop/common/lib/commons-digester-1.8.jar:/hadoop-2.8.5/share/hadoop/common/lib/commons-compress-1.4.1.jar:/hadoop-2.8.5/share/hadoop/common/lib/jcip-annotations-1.0-1.jar:/hadoop-2.8.5/share/hadoop/common/lib/java-xmlbuilder-0.4.jar:/hadoop-2.8.5/share/hadoop/common/lib/commons-collections-3.2.2.jar:/hadoop-2.8.5/share/hadoop/common/lib/log4j-1.2.17.jar:/hadoop-2.8.5/share/hadoop/common/lib/httpcore-4.4.4.jar:/hadoop-2.8.5/share/hadoop/common/lib/paranamer-2.3.jar:/hadoop-2.8.5/share/hadoop/common/lib/servlet-api-2.5.jar:/hadoop-2.8.5/share/hadoop/common/lib/gson-2.2.4.jar:/hadoop-2.8.5/share/hadoop/common/lib/jsp-api-2.1.jar:/hadoop-2.8.5/share/hadoop/common/lib/curator-framework-2.7.1.jar:/hadoop-2.8.5/share/hadoop/common/lib/commons-logging-1.1.3.jar:/hadoop-2.8.5/share/hadoop/common/lib/commons-cli-1.2.jar:/hadoop-2.8.5/share/hadoop/common/lib/jsch-0.1.54.jar:/hadoop-2.8.5/share/hadoop/common/lib/htrace-core4-4.0.1-incubating.jar:/hadoop-2.8.5/share/hadoop/common/lib/slf4j-log4j12-1.7.10.jar:/hadoop-2.8.5/share/hadoop/common/lib/stax-api-1.0-2.jar:/hadoop-2.8.5/share/hadoop/common/lib/jaxb-impl-2.2.3-1.jar:/hadoop-2.8.5/share/hadoop/common/lib/commons-beanutils-1.7.0.jar:/hadoop-2.8.5/share/hadoop/common/lib/protobuf-java-2.5.0.jar:/hadoop-2.8.5/share/hadoop/common/lib/api-util-1.0.0-M20.jar:/hadoop-2.8.5/share/hadoop/common/lib/commons-io-2.4.jar:/hadoop-2.8.5/share/hadoop/common/lib/asm-3.2.jar:/hadoop-2.8.5/share/hadoop/common/lib/junit-4.11.jar:/hadoop-2.8.5/share/hadoop/common/lib/guava-11.0.2.jar:/hadoop-2.8.5/share/hadoop/common/lib/activation-1.1.jar:/hadoop-2.8.5/share/hadoop/common/lib/avro-1.7.4.jar:/hadoop-2.8.5/share/hadoop/common/lib/jetty-6.1.26.jar:/hadoop-2.8.5/share/hadoop/common/lib/jackson-mapper-asl-1.9.13.jar:/hadoop-2.8.5/share/hadoop/common/lib/jetty-util-6.1.26.jar:/hadoop-2.8.5/share/hadoop/common/lib/mockito-all-1.8.5.jar:/hadoop-2.8.5/share/hadoop/common/lib/commons-net-3.1.jar:/hadoop-2.8.5/share/hadoop/common/lib/jettison-1.1.jar:/hadoop-2.8.5/share/hadoop/common/lib/commons-codec-1.4.jar:/hadoop-2.8.5/share/hadoop/common/lib/curator-client-2.7.1.jar:/hadoop-2.8.5/share/hadoop/common/lib/jets3t-0.9.0.jar:/hadoop-2.8.5/share/hadoop/common/lib/netty-3.6.2.Final.jar:/hadoop-2.8.5/share/hadoop/common/lib/curator-recipes-2.7.1.jar:/hadoop-2.8.5/share/hadoop/common/lib/nimbus-jose-jwt-4.41.1.jar:/hadoop-2.8.5/share/hadoop/common/lib/xmlenc-0.52.jar:/hadoop-2.8.5/share/hadoop/common/lib/slf4j-api-1.7.10.jar:/hadoop-2.8.5/share/hadoop/common/lib/jackson-jaxrs-1.9.13.jar:/hadoop-2.8.5/share/hadoop/common/lib/commons-math3-3.1.1.jar:/hadoop-2.8.5/share/hadoop/common/lib/apacheds-kerberos-codec-2.0.0-M15.jar:/hadoop-2.8.5/share/hadoop/common/lib/hamcrest-core-1.3.jar:/hadoop-2.8.5/share/hadoop/common/lib/jersey-core-1.9.jar:/hadoop-2.8.5/share/hadoop/common/lib/jackson-core-asl-1.9.13.jar:/hadoop-2.8.5/share/hadoop/common/lib/apacheds-i18n-2.0.0-M15.jar:/hadoop-2.8.5/share/hadoop/common/lib/zookeeper-3.4.6.jar:/hadoop-2.8.5/share/hadoop/common/lib/commons-lang-2.6.jar:/hadoop-2.8.5/share/hadoop/common/lib/jsr305-3.0.0.jar:/hadoop-2.8.5/share/hadoop/common/lib/jaxb-api-2.2.2.jar:/hadoop-2.8.5/share/hadoop/common/lib/jersey-server-1.9.jar:/hadoop-2.8.5/share/hadoop/common/lib/jetty-sslengine-6.1.26.jar:/hadoop-2.8.5/share/hadoop/common/lib/xz-1.0.jar:/hadoop-2.8.5/share/hadoop/common/lib/json-smart-1.3.1.jar:/hadoop-2.8.5/share/hadoop/common/lib/snappy-java-1.0.4.1.jar:/hadoop-2.8.5/share/hadoop/common/lib/hadoop-auth-2.8.5.jar:/hadoop-2.8.5/share/hadoop/common/lib/commons-beanutils-core-1.8.0.jar:/hadoop-2.8.5/share/hadoop/common/hadoop-nfs-2.8.5.jar:/hadoop-2.8.5/share/hadoop/common/hadoop-common-2.8.5-tests.jar:/hadoop-2.8.5/share/hadoop/common/hadoop-common-2.8.5.jar:/hadoop-2.8.5/share/hadoop/hdfs:/hadoop-2.8.5/share/hadoop/hdfs/lib/netty-all-4.0.23.Final.jar:/hadoop-2.8.5/share/hadoop/hdfs/lib/commons-daemon-1.0.13.jar:/hadoop-2.8.5/share/hadoop/hdfs/lib/log4j-1.2.17.jar:/hadoop-2.8.5/share/hadoop/hdfs/lib/servlet-api-2.5.jar:/hadoop-2.8.5/share/hadoop/hdfs/lib/commons-logging-1.1.3.jar:/hadoop-2.8.5/share/hadoop/hdfs/lib/commons-cli-1.2.jar:/hadoop-2.8.5/share/hadoop/hdfs/lib/htrace-core4-4.0.1-incubating.jar:/hadoop-2.8.5/share/hadoop/hdfs/lib/protobuf-java-2.5.0.jar:/hadoop-2.8.5/share/hadoop/hdfs/lib/hadoop-hdfs-client-2.8.5.jar:/hadoop-2.8.5/share/hadoop/hdfs/lib/commons-io-2.4.jar:/hadoop-2.8.5/share/hadoop/hdfs/lib/asm-3.2.jar:/hadoop-2.8.5/share/hadoop/hdfs/lib/guava-11.0.2.jar:/hadoop-2.8.5/share/hadoop/hdfs/lib/jetty-6.1.26.jar:/hadoop-2.8.5/share/hadoop/hdfs/lib/jackson-mapper-asl-1.9.13.jar:/hadoop-2.8.5/share/hadoop/hdfs/lib/jetty-util-6.1.26.jar:/hadoop-2.8.5/share/hadoop/hdfs/lib/xml-apis-1.3.04.jar:/hadoop-2.8.5/share/hadoop/hdfs/lib/commons-codec-1.4.jar:/hadoop-2.8.5/share/hadoop/hdfs/lib/xercesImpl-2.9.1.jar:/hadoop-2.8.5/share/hadoop/hdfs/lib/netty-3.6.2.Final.jar:/hadoop-2.8.5/share/hadoop/hdfs/lib/okio-1.4.0.jar:/hadoop-2.8.5/share/hadoop/hdfs/lib/xmlenc-0.52.jar:/hadoop-2.8.5/share/hadoop/hdfs/lib/jersey-core-1.9.jar:/hadoop-2.8.5/share/hadoop/hdfs/lib/okhttp-2.4.0.jar:/hadoop-2.8.5/share/hadoop/hdfs/lib/jackson-core-asl-1.9.13.jar:/hadoop-2.8.5/share/hadoop/hdfs/lib/commons-lang-2.6.jar:/hadoop-2.8.5/share/hadoop/hdfs/lib/jsr305-3.0.0.jar:/hadoop-2.8.5/share/hadoop/hdfs/lib/jersey-server-1.9.jar:/hadoop-2.8.5/share/hadoop/hdfs/lib/leveldbjni-all-1.8.jar:/hadoop-2.8.5/share/hadoop/hdfs/hadoop-hdfs-native-client-2.8.5-tests.jar:/hadoop-2.8.5/share/hadoop/hdfs/hadoop-hdfs-2.8.5.jar:/hadoop-2.8.5/share/hadoop/hdfs/hadoop-hdfs-2.8.5-tests.jar:/hadoop-2.8.5/share/hadoop/hdfs/hadoop-hdfs-nfs-2.8.5.jar:/hadoop-2.8.5/share/hadoop/hdfs/hadoop-hdfs-client-2.8.5.jar:/hadoop-2.8.5/share/hadoop/hdfs/hadoop-hdfs-native-client-2.8.5.jar:/hadoop-2.8.5/share/hadoop/hdfs/hadoop-hdfs-client-2.8.5-tests.jar:/hadoop-2.8.5/share/hadoop/yarn/lib/jackson-xc-1.9.13.jar:/hadoop-2.8.5/share/hadoop/yarn/lib/jersey-client-1.9.jar:/hadoop-2.8.5/share/hadoop/yarn/lib/jersey-json-1.9.jar:/hadoop-2.8.5/share/hadoop/yarn/lib/commons-compress-1.4.1.jar:/hadoop-2.8.5/share/hadoop/yarn/lib/commons-collections-3.2.2.jar:/hadoop-2.8.5/share/hadoop/yarn/lib/json-io-2.5.1.jar:/hadoop-2.8.5/share/hadoop/yarn/lib/log4j-1.2.17.jar:/hadoop-2.8.5/share/hadoop/yarn/lib/servlet-api-2.5.jar:/hadoop-2.8.5/share/hadoop/yarn/lib/commons-logging-1.1.3.jar:/hadoop-2.8.5/share/hadoop/yarn/lib/javassist-3.18.1-GA.jar:/hadoop-2.8.5/share/hadoop/yarn/lib/commons-cli-1.2.jar:/hadoop-2.8.5/share/hadoop/yarn/lib/commons-math-2.2.jar:/hadoop-2.8.5/share/hadoop/yarn/lib/stax-api-1.0-2.jar:/hadoop-2.8.5/share/hadoop/yarn/lib/jaxb-impl-2.2.3-1.jar:/hadoop-2.8.5/share/hadoop/yarn/lib/javax.inject-1.jar:/hadoop-2.8.5/share/hadoop/yarn/lib/protobuf-java-2.5.0.jar:/hadoop-2.8.5/share/hadoop/yarn/lib/jersey-guice-1.9.jar:/hadoop-2.8.5/share/hadoop/yarn/lib/commons-io-2.4.jar:/hadoop-2.8.5/share/hadoop/yarn/lib/asm-3.2.jar:/hadoop-2.8.5/share/hadoop/yarn/lib/guava-11.0.2.jar:/hadoop-2.8.5/share/hadoop/yarn/lib/activation-1.1.jar:/hadoop-2.8.5/share/hadoop/yarn/lib/jetty-6.1.26.jar:/hadoop-2.8.5/share/hadoop/yarn/lib/jackson-mapper-asl-1.9.13.jar:/hadoop-2.8.5/share/hadoop/yarn/lib/jetty-util-6.1.26.jar:/hadoop-2.8.5/share/hadoop/yarn/lib/jettison-1.1.jar:/hadoop-2.8.5/share/hadoop/yarn/lib/curator-test-2.7.1.jar:/hadoop-2.8.5/share/hadoop/yarn/lib/java-util-1.9.0.jar:/hadoop-2.8.5/share/hadoop/yarn/lib/commons-codec-1.4.jar:/hadoop-2.8.5/share/hadoop/yarn/lib/curator-client-2.7.1.jar:/hadoop-2.8.5/share/hadoop/yarn/lib/aopalliance-1.0.jar:/hadoop-2.8.5/share/hadoop/yarn/lib/zookeeper-3.4.6-tests.jar:/hadoop-2.8.5/share/hadoop/yarn/lib/netty-3.6.2.Final.jar:/hadoop-2.8.5/share/hadoop/yarn/lib/jackson-jaxrs-1.9.13.jar:/hadoop-2.8.5/share/hadoop/yarn/lib/guice-3.0.jar:/hadoop-2.8.5/share/hadoop/yarn/lib/jersey-core-1.9.jar:/hadoop-2.8.5/share/hadoop/yarn/lib/jackson-core-asl-1.9.13.jar:/hadoop-2.8.5/share/hadoop/yarn/lib/fst-2.50.jar:/hadoop-2.8.5/share/hadoop/yarn/lib/zookeeper-3.4.6.jar:/hadoop-2.8.5/share/hadoop/yarn/lib/guice-servlet-3.0.jar:/hadoop-2.8.5/share/hadoop/yarn/lib/commons-lang-2.6.jar:/hadoop-2.8.5/share/hadoop/yarn/lib/jsr305-3.0.0.jar:/hadoop-2.8.5/share/hadoop/yarn/lib/jaxb-api-2.2.2.jar:/hadoop-2.8.5/share/hadoop/yarn/lib/jersey-server-1.9.jar:/hadoop-2.8.5/share/hadoop/yarn/lib/leveldbjni-all-1.8.jar:/hadoop-2.8.5/share/hadoop/yarn/lib/xz-1.0.jar:/hadoop-2.8.5/share/hadoop/yarn/hadoop-yarn-common-2.8.5.jar:/hadoop-2.8.5/share/hadoop/yarn/hadoop-yarn-server-web-proxy-2.8.5.jar:/hadoop-2.8.5/share/hadoop/yarn/hadoop-yarn-api-2.8.5.jar:/hadoop-2.8.5/share/hadoop/yarn/hadoop-yarn-server-tests-2.8.5.jar:/hadoop-2.8.5/share/hadoop/yarn/hadoop-yarn-registry-2.8.5.jar:/hadoop-2.8.5/share/hadoop/yarn/hadoop-yarn-server-applicationhistoryservice-2.8.5.jar:/hadoop-2.8.5/share/hadoop/yarn/hadoop-yarn-server-common-2.8.5.jar:/hadoop-2.8.5/share/hadoop/yarn/hadoop-yarn-server-resourcemanager-2.8.5.jar:/hadoop-2.8.5/share/hadoop/yarn/hadoop-yarn-server-timeline-pluginstorage-2.8.5.jar:/hadoop-2.8.5/share/hadoop/yarn/hadoop-yarn-client-2.8.5.jar:/hadoop-2.8.5/share/hadoop/yarn/hadoop-yarn-server-sharedcachemanager-2.8.5.jar:/hadoop-2.8.5/share/hadoop/yarn/hadoop-yarn-applications-unmanaged-am-launcher-2.8.5.jar:/hadoop-2.8.5/share/hadoop/yarn/hadoop-yarn-server-nodemanager-2.8.5.jar:/hadoop-2.8.5/share/hadoop/yarn/hadoop-yarn-applications-distributedshell-2.8.5.jar:/hadoop-2.8.5/share/hadoop/mapreduce/lib/hadoop-annotations-2.8.5.jar:/hadoop-2.8.5/share/hadoop/mapreduce/lib/commons-compress-1.4.1.jar:/hadoop-2.8.5/share/hadoop/mapreduce/lib/log4j-1.2.17.jar:/hadoop-2.8.5/share/hadoop/mapreduce/lib/paranamer-2.3.jar:/hadoop-2.8.5/share/hadoop/mapreduce/lib/javax.inject-1.jar:/hadoop-2.8.5/share/hadoop/mapreduce/lib/protobuf-java-2.5.0.jar:/hadoop-2.8.5/share/hadoop/mapreduce/lib/jersey-guice-1.9.jar:/hadoop-2.8.5/share/hadoop/mapreduce/lib/commons-io-2.4.jar:/hadoop-2.8.5/share/hadoop/mapreduce/lib/asm-3.2.jar:/hadoop-2.8.5/share/hadoop/mapreduce/lib/junit-4.11.jar:/hadoop-2.8.5/share/hadoop/mapreduce/lib/avro-1.7.4.jar:/hadoop-2.8.5/share/hadoop/mapreduce/lib/jackson-mapper-asl-1.9.13.jar:/hadoop-2.8.5/share/hadoop/mapreduce/lib/aopalliance-1.0.jar:/hadoop-2.8.5/share/hadoop/mapreduce/lib/netty-3.6.2.Final.jar:/hadoop-2.8.5/share/hadoop/mapreduce/lib/hamcrest-core-1.3.jar:/hadoop-2.8.5/share/hadoop/mapreduce/lib/guice-3.0.jar:/hadoop-2.8.5/share/hadoop/mapreduce/lib/jersey-core-1.9.jar:/hadoop-2.8.5/share/hadoop/mapreduce/lib/jackson-core-asl-1.9.13.jar:/hadoop-2.8.5/share/hadoop/mapreduce/lib/guice-servlet-3.0.jar:/hadoop-2.8.5/share/hadoop/mapreduce/lib/jersey-server-1.9.jar:/hadoop-2.8.5/share/hadoop/mapreduce/lib/leveldbjni-all-1.8.jar:/hadoop-2.8.5/share/hadoop/mapreduce/lib/xz-1.0.jar:/hadoop-2.8.5/share/hadoop/mapreduce/lib/snappy-java-1.0.4.1.jar:/hadoop-2.8.5/share/hadoop/mapreduce/hadoop-mapreduce-client-jobclient-2.8.5.jar:/hadoop-2.8.5/share/hadoop/mapreduce/hadoop-mapreduce-client-hs-2.8.5.jar:/hadoop-2.8.5/share/hadoop/mapreduce/hadoop-mapreduce-client-common-2.8.5.jar:/hadoop-2.8.5/share/hadoop/mapreduce/hadoop-mapreduce-client-jobclient-2.8.5-tests.jar:/hadoop-2.8.5/share/hadoop/mapreduce/hadoop-mapreduce-client-hs-plugins-2.8.5.jar:/hadoop-2.8.5/share/hadoop/mapreduce/hadoop-mapreduce-examples-2.8.5.jar:/hadoop-2.8.5/share/hadoop/mapreduce/hadoop-mapreduce-client-core-2.8.5.jar:/hadoop-2.8.5/share/hadoop/mapreduce/hadoop-mapreduce-client-shuffle-2.8.5.jar:/hadoop-2.8.5/share/hadoop/mapreduce/hadoop-mapreduce-client-app-2.8.5.jar:/contrib/capacity-scheduler/*.jar:/contrib/capacity-scheduler/*.jar
STARTUP_MSG:   build = https://git-wip-us.apache.org/repos/asf/hadoop.git -r 0b8464d75227fcee2c6e7f2410377b3d53d3d5f8; compiled by 'jdu' on 2018-09-10T03:32Z
STARTUP_MSG:   java = 1.8.0_191
************************************************************/
2019-06-07 07:42:49,025 INFO org.apache.hadoop.hdfs.server.namenode.NameNode: registered UNIX signal handlers for [TERM, HUP, INT]
2019-06-07 07:42:49,031 INFO org.apache.hadoop.hdfs.server.namenode.NameNode: createNameNode [-format]
2019-06-07 07:42:49,555 WARN org.apache.hadoop.hdfs.server.common.Util: Path /hadoop-2.8.5/namenode should be specified as a URI in configuration files. Please update hdfs configuration.
2019-06-07 07:42:49,556 WARN org.apache.hadoop.hdfs.server.common.Util: Path /hadoop-2.8.5/namenode should be specified as a URI in configuration files. Please update hdfs configuration.
2019-06-07 07:42:49,602 INFO org.apache.hadoop.hdfs.server.namenode.FSEditLog: Edit logging is async:true
2019-06-07 07:42:49,615 INFO org.apache.hadoop.hdfs.server.namenode.FSNamesystem: KeyProvider: null
2019-06-07 07:42:49,616 INFO org.apache.hadoop.hdfs.server.namenode.FSNamesystem: fsLock is fair: true
2019-06-07 07:42:49,619 INFO org.apache.hadoop.hdfs.server.namenode.FSNamesystem: Detailed lock hold time metrics enabled: false
2019-06-07 07:42:49,632 DEBUG org.apache.hadoop.hdfs.util.LightWeightHashSet: initial capacity=16, max load factor= 0.75, min load factor= 0.2
2019-06-07 07:42:49,633 DEBUG org.apache.hadoop.hdfs.util.LightWeightHashSet: initial capacity=16, max load factor= 0.75, min load factor= 0.2
2019-06-07 07:42:49,634 DEBUG org.apache.hadoop.hdfs.util.LightWeightHashSet: initial capacity=16, max load factor= 0.75, min load factor= 0.2
2019-06-07 07:42:49,635 DEBUG org.apache.hadoop.hdfs.util.LightWeightHashSet: initial capacity=16, max load factor= 0.75, min load factor= 0.2
2019-06-07 07:42:49,635 DEBUG org.apache.hadoop.hdfs.util.LightWeightHashSet: initial capacity=16, max load factor= 0.75, min load factor= 0.2
2019-06-07 07:42:49,659 INFO org.apache.hadoop.hdfs.server.blockmanagement.DatanodeManager: dfs.block.invalidate.limit=1000
2019-06-07 07:42:49,659 INFO org.apache.hadoop.hdfs.server.blockmanagement.DatanodeManager: dfs.namenode.datanode.registration.ip-hostname-check=true
2019-06-07 07:42:49,661 INFO org.apache.hadoop.hdfs.server.blockmanagement.BlockManager: dfs.namenode.startup.delay.block.deletion.sec is set to 000:00:00:00.000
2019-06-07 07:42:49,662 INFO org.apache.hadoop.hdfs.server.blockmanagement.BlockManager: The block deletion will start around 2019 Jun 07 07:42:49
2019-06-07 07:42:49,682 INFO org.apache.hadoop.hdfs.server.blockmanagement.BlockManager: dfs.block.access.token.enable=false
2019-06-07 07:42:49,684 INFO org.apache.hadoop.hdfs.server.blockmanagement.BlockManager: defaultReplication         = 2
2019-06-07 07:42:49,685 INFO org.apache.hadoop.hdfs.server.blockmanagement.BlockManager: maxReplication             = 512
2019-06-07 07:42:49,685 INFO org.apache.hadoop.hdfs.server.blockmanagement.BlockManager: minReplication             = 1
2019-06-07 07:42:49,686 INFO org.apache.hadoop.hdfs.server.blockmanagement.BlockManager: maxReplicationStreams      = 2
2019-06-07 07:42:49,687 INFO org.apache.hadoop.hdfs.server.blockmanagement.BlockManager: replicationRecheckInterval = 3000
2019-06-07 07:42:49,687 INFO org.apache.hadoop.hdfs.server.blockmanagement.BlockManager: encryptDataTransfer        = false
2019-06-07 07:42:49,687 INFO org.apache.hadoop.hdfs.server.blockmanagement.BlockManager: maxNumBlocksToLog          = 1000
2019-06-07 07:42:49,694 INFO org.apache.hadoop.hdfs.server.namenode.FSNamesystem: fsOwner             = root (auth:SIMPLE)
2019-06-07 07:42:49,697 INFO org.apache.hadoop.hdfs.server.namenode.FSNamesystem: supergroup          = supergroup
2019-06-07 07:42:49,697 INFO org.apache.hadoop.hdfs.server.namenode.FSNamesystem: isPermissionEnabled = true
2019-06-07 07:42:49,698 INFO org.apache.hadoop.hdfs.server.namenode.FSNamesystem: HA Enabled: false
2019-06-07 07:42:49,701 INFO org.apache.hadoop.hdfs.server.namenode.FSNamesystem: Append Enabled: true
2019-06-07 07:42:49,786 INFO org.apache.hadoop.hdfs.server.namenode.FSDirectory: ACLs enabled? false
2019-06-07 07:42:49,787 INFO org.apache.hadoop.hdfs.server.namenode.FSDirectory: XAttrs enabled? true
2019-06-07 07:42:49,788 INFO org.apache.hadoop.hdfs.server.namenode.NameNode: Caching file names occurring more than 10 times
2019-06-07 07:42:49,798 INFO org.apache.hadoop.hdfs.server.namenode.FSNamesystem: dfs.namenode.safemode.threshold-pct = 0.9990000128746033
2019-06-07 07:42:49,798 INFO org.apache.hadoop.hdfs.server.namenode.FSNamesystem: dfs.namenode.safemode.min.datanodes = 0
2019-06-07 07:42:49,799 INFO org.apache.hadoop.hdfs.server.namenode.FSNamesystem: dfs.namenode.safemode.extension     = 30000
2019-06-07 07:42:49,803 INFO org.apache.hadoop.hdfs.server.namenode.top.metrics.TopMetrics: NNTop conf: dfs.namenode.top.window.num.buckets = 10
2019-06-07 07:42:49,806 INFO org.apache.hadoop.hdfs.server.namenode.top.metrics.TopMetrics: NNTop conf: dfs.namenode.top.num.users = 10
2019-06-07 07:42:49,807 INFO org.apache.hadoop.hdfs.server.namenode.top.metrics.TopMetrics: NNTop conf: dfs.namenode.top.windows.minutes = 1,5,25
2019-06-07 07:42:49,816 INFO org.apache.hadoop.hdfs.server.namenode.FSNamesystem: Retry cache on namenode is enabled
2019-06-07 07:42:49,817 INFO org.apache.hadoop.hdfs.server.namenode.FSNamesystem: Retry cache will use 0.03 of total heap and retry cache entry expiry time is 600000 millis
2019-06-07 07:42:49,846 INFO org.apache.hadoop.hdfs.server.namenode.FSImage: Allocated new BlockPoolId: BP-1660324854-172.17.0.2-1559893369837
2019-06-07 07:42:49,907 INFO org.apache.hadoop.hdfs.server.common.Storage: Storage directory /hadoop-2.8.5/namenode has been successfully formatted.
2019-06-07 07:42:49,932 INFO org.apache.hadoop.hdfs.server.namenode.FSImageFormatProtobuf: Saving image file /hadoop-2.8.5/namenode/current/fsimage.ckpt_0000000000000000000 using no compression
2019-06-07 07:42:50,029 INFO org.apache.hadoop.hdfs.server.namenode.FSImageFormatProtobuf: Image file /hadoop-2.8.5/namenode/current/fsimage.ckpt_0000000000000000000 of size 321 bytes saved in 0 seconds.
2019-06-07 07:42:50,055 DEBUG org.apache.hadoop.hdfs.util.MD5FileUtils: Saved MD5 ba6de436868cdd94d93a0e35e1d1c0c0 to /hadoop-2.8.5/namenode/current/fsimage_0000000000000000000.md5
2019-06-07 07:42:50,056 DEBUG org.apache.hadoop.hdfs.server.namenode.FSImage: renaming  /hadoop-2.8.5/namenode/current/fsimage.ckpt_0000000000000000000 to /hadoop-2.8.5/namenode/current/fsimage_0000000000000000000
2019-06-07 07:42:50,078 DEBUG org.apache.hadoop.hdfs.server.namenode.FSImageTransactionalStorageInspector: Checking file /hadoop-2.8.5/namenode/current/seen_txid
2019-06-07 07:42:50,079 DEBUG org.apache.hadoop.hdfs.server.namenode.FSImageTransactionalStorageInspector: Checking file /hadoop-2.8.5/namenode/current/fsimage_0000000000000000000.md5
2019-06-07 07:42:50,079 DEBUG org.apache.hadoop.hdfs.server.namenode.FSImageTransactionalStorageInspector: Checking file /hadoop-2.8.5/namenode/current/fsimage_0000000000000000000
2019-06-07 07:42:50,081 DEBUG org.apache.hadoop.hdfs.server.namenode.FSImageTransactionalStorageInspector: Checking file /hadoop-2.8.5/namenode/current/VERSION
2019-06-07 07:42:50,084 INFO org.apache.hadoop.hdfs.server.namenode.NNStorageRetentionManager: Going to retain 1 images with txid >= 0
2019-06-07 07:42:50,085 DEBUG org.apache.hadoop.hdfs.server.namenode.FileJournalManager: FileJournalManager(root=/hadoop-2.8.5/namenode): selecting input streams starting at 0 (excluding inProgress) from among 0 candidate file(s)
2019-06-07 07:42:50,087 DEBUG org.apache.hadoop.hdfs.server.namenode.FSImageTransactionalStorageInspector: Checking file /hadoop-2.8.5/namenode/current/seen_txid
2019-06-07 07:42:50,087 DEBUG org.apache.hadoop.hdfs.server.namenode.FSImageTransactionalStorageInspector: Checking file /hadoop-2.8.5/namenode/current/fsimage_0000000000000000000.md5
2019-06-07 07:42:50,087 DEBUG org.apache.hadoop.hdfs.server.namenode.FSImageTransactionalStorageInspector: Checking file /hadoop-2.8.5/namenode/current/fsimage_0000000000000000000
2019-06-07 07:42:50,088 DEBUG org.apache.hadoop.hdfs.server.namenode.FSImageTransactionalStorageInspector: Checking file /hadoop-2.8.5/namenode/current/VERSION
2019-06-07 07:42:50,091 INFO org.apache.hadoop.hdfs.server.namenode.NameNode: SHUTDOWN_MSG: 
/************************************************************
SHUTDOWN_MSG: Shutting down NameNode at master/172.17.0.2
************************************************************/
2019-06-07 07:43:15,931 DEBUG org.apache.hadoop.hdfs.client.impl.DfsClientConf: dfs.client.use.legacy.blockreader.local = false
2019-06-07 07:43:15,932 DEBUG org.apache.hadoop.hdfs.client.impl.DfsClientConf: dfs.client.read.shortcircuit = false
2019-06-07 07:43:15,932 DEBUG org.apache.hadoop.hdfs.client.impl.DfsClientConf: dfs.client.domain.socket.data.traffic = false
2019-06-07 07:43:15,932 DEBUG org.apache.hadoop.hdfs.client.impl.DfsClientConf: dfs.domain.socket.path = 
2019-06-07 07:43:15,963 DEBUG org.apache.hadoop.hdfs.DFSClient: Sets dfs.client.block.write.replace-datanode-on-failure.min-replication to 0
2019-06-07 07:43:16,897 DEBUG org.apache.hadoop.hdfs.protocol.datatransfer.sasl.DataTransferSaslUtil: DataTransferProtocol not using SaslPropertiesResolver, no QOP found in configuration for dfs.data.transfer.protection
2019-06-07 07:43:17,159 DEBUG org.apache.hadoop.hdfs.DFSClient: /data: masked=rwxr-xr-x
2019-06-07 07:43:18,741 DEBUG org.apache.hadoop.hdfs.client.impl.DfsClientConf: dfs.client.use.legacy.blockreader.local = false
2019-06-07 07:43:18,742 DEBUG org.apache.hadoop.hdfs.client.impl.DfsClientConf: dfs.client.read.shortcircuit = false
2019-06-07 07:43:18,742 DEBUG org.apache.hadoop.hdfs.client.impl.DfsClientConf: dfs.client.domain.socket.data.traffic = false
2019-06-07 07:43:18,743 DEBUG org.apache.hadoop.hdfs.client.impl.DfsClientConf: dfs.domain.socket.path = 
2019-06-07 07:43:18,751 DEBUG org.apache.hadoop.hdfs.DFSClient: Sets dfs.client.block.write.replace-datanode-on-failure.min-replication to 0
2019-06-07 07:43:19,068 DEBUG org.apache.hadoop.hdfs.protocol.datatransfer.sasl.DataTransferSaslUtil: DataTransferProtocol not using SaslPropertiesResolver, no QOP found in configuration for dfs.data.transfer.protection
2019-06-07 07:43:19,178 DEBUG org.apache.hadoop.hdfs.DFSClient: /data/pagerank_data.txt._COPYING_: masked=rw-r--r--
2019-06-07 07:43:19,232 DEBUG org.apache.hadoop.hdfs.DFSClient: computePacketChunkSize: src=/data/pagerank_data.txt._COPYING_, chunkSize=516, chunksPerPacket=126, packetSize=65016
2019-06-07 07:43:19,276 DEBUG org.apache.hadoop.hdfs.client.impl.LeaseRenewer: Lease renewer daemon for [DFSClient_NONMAPREDUCE_1140610675_1] with renew id 1 started
2019-06-07 07:43:19,281 DEBUG org.apache.hadoop.hdfs.DFSClient: DFSClient writeChunk allocating new packet seqno=0, src=/data/pagerank_data.txt._COPYING_, packetSize=65016, chunksPerPacket=126, bytesCurBlock=0
2019-06-07 07:43:19,281 DEBUG org.apache.hadoop.hdfs.DataStreamer: Queued packet 0
2019-06-07 07:43:19,282 DEBUG org.apache.hadoop.hdfs.DataStreamer: Allocating new block
2019-06-07 07:43:19,282 DEBUG org.apache.hadoop.hdfs.DataStreamer: Queued packet 1
2019-06-07 07:43:19,282 DEBUG org.apache.hadoop.hdfs.DataStreamer: Waiting for ack for: 1
2019-06-07 07:43:19,352 DEBUG org.apache.hadoop.hdfs.DataStreamer: pipeline = [DatanodeInfoWithStorage[172.17.0.4:50010,DS-8f461d8a-4452-413a-b1ad-c1837529701d,DISK], DatanodeInfoWithStorage[172.17.0.3:50010,DS-32a36bc5-d423-411e-9706-7098142a1bad,DISK]]
2019-06-07 07:43:19,352 DEBUG org.apache.hadoop.hdfs.DataStreamer: Connecting to datanode 172.17.0.4:50010
2019-06-07 07:43:19,354 DEBUG org.apache.hadoop.hdfs.DataStreamer: Send buf size 43520
2019-06-07 07:43:19,370 DEBUG org.apache.hadoop.hdfs.protocol.datatransfer.sasl.SaslDataTransferClient: SASL client skipping handshake in unsecured configuration for addr = /172.17.0.4, datanodeId = DatanodeInfoWithStorage[172.17.0.4:50010,DS-8f461d8a-4452-413a-b1ad-c1837529701d,DISK]
2019-06-07 07:43:19,597 DEBUG org.apache.hadoop.hdfs.DataStreamer: DataStreamer block BP-1660324854-172.17.0.2-1559893369837:blk_1073741825_1001 sending packet packet seqno: 0 offsetInBlock: 0 lastPacketInBlock: false lastByteOffsetInBlock: 24
2019-06-07 07:43:19,964 DEBUG org.apache.hadoop.hdfs.DataStreamer: DFSClient seqno: 0 reply: SUCCESS reply: SUCCESS downstreamAckTimeNanos: 168743969 flag: 0 flag: 0
2019-06-07 07:43:19,965 DEBUG org.apache.hadoop.hdfs.DataStreamer: DataStreamer block BP-1660324854-172.17.0.2-1559893369837:blk_1073741825_1001 sending packet packet seqno: 1 offsetInBlock: 24 lastPacketInBlock: true lastByteOffsetInBlock: 24
2019-06-07 07:43:19,988 DEBUG org.apache.hadoop.hdfs.DataStreamer: DFSClient seqno: 1 reply: SUCCESS reply: SUCCESS downstreamAckTimeNanos: 18247738 flag: 0 flag: 0
2019-06-07 07:43:19,989 DEBUG org.apache.hadoop.hdfs.DataStreamer: Closing old block BP-1660324854-172.17.0.2-1559893369837:blk_1073741825_1001
2019-06-07 07:43:20,430 DEBUG org.apache.hadoop.hdfs.DFSOutputStream: Closing an already closed stream. [Stream:true, streamer:true]
